#
# There is insufficient memory for the Java Runtime Environment to continue.
# Native memory allocation (malloc) failed to allocate 713616 bytes. Error detail: Chunk::new
# Possible reasons:
#   The system is out of physical RAM or swap space
#   This process is running with CompressedOops enabled, and the Java Heap may be blocking the growth of the native heap
# Possible solutions:
#   Reduce memory load on the system
#   Increase physical memory or swap space
#   Check if swap backing store is full
#   Decrease Java heap size (-Xmx/-Xms)
#   Decrease number of Java threads
#   Decrease Java thread stack sizes (-Xss)
#   Set larger code cache with -XX:ReservedCodeCacheSize=
#   JVM is running with Unscaled Compressed Oops mode in which the Java heap is
#     placed in the first 4GB address space. The Java Heap base address is the
#     maximum limit for the native heap growth. Please use -XX:HeapBaseMinAddress
#     to set the Java Heap base and to place the Java Heap above 4GB virtual address.
# This output file may be truncated or incomplete.
#
#  Out of Memory Error (arena.cpp:150), pid=15604, tid=11040
#
# JRE version: Java(TM) SE Runtime Environment (22.0.1+8) (build 22.0.1+8-16)
# Java VM: Java HotSpot(TM) 64-Bit Server VM (22.0.1+8-16, mixed mode, sharing, tiered, compressed oops, compressed class ptrs, g1 gc, windows-amd64)
# No core dump will be written. Minidumps are not enabled by default on client versions of Windows
#

---------------  S U M M A R Y ------------

Command Line: --add-opens=java.base/java.lang=ALL-UNNAMED --add-opens=java.base/java.lang.invoke=ALL-UNNAMED --add-opens=java.base/java.util=ALL-UNNAMED --add-opens=java.prefs/java.util.prefs=ALL-UNNAMED --add-exports=jdk.compiler/com.sun.tools.javac.api=ALL-UNNAMED --add-exports=jdk.compiler/com.sun.tools.javac.util=ALL-UNNAMED --add-opens=java.base/java.util=ALL-UNNAMED --add-opens=java.prefs/java.util.prefs=ALL-UNNAMED --add-opens=java.base/java.nio.charset=ALL-UNNAMED --add-opens=java.base/java.net=ALL-UNNAMED --add-opens=java.base/java.util.concurrent=ALL-UNNAMED --add-opens=java.base/java.util.concurrent.atomic=ALL-UNNAMED --add-opens=java.xml/javax.xml.namespace=ALL-UNNAMED --add-opens=java.base/java.time=ALL-UNNAMED -XX:MaxMetaspaceSize=384m -XX:+HeapDumpOnOutOfMemoryError -Xms256m -Xmx512m -Dfile.encoding=UTF-8 -Duser.country=US -Duser.language=en -Duser.variant -javaagent:C:\Users\Trung\.gradle\wrapper\dists\gradle-9.4.1-bin\arn2x92ynaizyzdaamcbpbhtj\gradle-9.4.1\lib\agents\gradle-instrumentation-agent-9.4.1.jar org.gradle.launcher.daemon.bootstrap.GradleDaemon 9.4.1

Host: 11th Gen Intel(R) Core(TM) i5-1135G7 @ 2.40GHz, 8 cores, 19G,  Windows 11 , 64 bit Build 26100 (10.0.26100.4768)
Time: Thu May  7 18:16:40 2026 SE Asia Standard Time elapsed time: 40.983373 seconds (0d 0h 0m 40s)

---------------  T H R E A D  ---------------

Current thread (0x0000019b1d93d330):  JavaThread "C2 CompilerThread2" daemon [_thread_in_native, id=11040, stack(0x0000009ad5a00000,0x0000009ad5b00000) (1024K)]


Current CompileTask:
C2:40983 13657       4       io.spring.gradle.dependencymanagement.org.apache.maven.model.inheritance.DefaultInheritanceAssembler$InheritanceModelMerger::mergePluginContainer_Plugins (430 bytes)

Stack: [0x0000009ad5a00000,0x0000009ad5b00000]
Native frames: (J=compiled Java code, j=interpreted, Vv=VM code, C=native code)
V  [jvm.dll+0x6e2279]  (no source info available)
V  [jvm.dll+0x874e33]  (no source info available)
V  [jvm.dll+0x87725e]  (no source info available)
V  [jvm.dll+0x877933]  (no source info available)
V  [jvm.dll+0x27fd76]  (no source info available)
V  [jvm.dll+0xc3d0f]  (no source info available)
V  [jvm.dll+0xc3f6b]  (no source info available)
V  [jvm.dll+0x2f3c2f]  (no source info available)
V  [jvm.dll+0x60bc9a]  (no source info available)
V  [jvm.dll+0x250db2]  (no source info available)
V  [jvm.dll+0x248e2e]  (no source info available)
V  [jvm.dll+0x246ec6]  (no source info available)
V  [jvm.dll+0x1c4e90]  (no source info available)
V  [jvm.dll+0x2569fe]  (no source info available)
V  [jvm.dll+0x254cba]  (no source info available)
V  [jvm.dll+0x3f5336]  (no source info available)
V  [jvm.dll+0x81d44b]  (no source info available)
V  [jvm.dll+0x6e0915]  (no source info available)
C  [ucrtbase.dll+0x37b0]  (no source info available)
C  [KERNEL32.DLL+0x2e8d7]  (no source info available)
C  [ntdll.dll+0x3c34c]  (no source info available)


---------------  P R O C E S S  ---------------

Threads class SMR info:
_java_thread_list=0x0000019b1d1dd180, length=62, elements={
0x0000019b59b5fb00, 0x0000019b1502b680, 0x0000019b1502c0e0, 0x0000019b15031040,
0x0000019b15031d00, 0x0000019b15036810, 0x0000019b15036e80, 0x0000019b15037c10,
0x0000019b1503abe0, 0x0000019b15159a00, 0x0000019b152c1c90, 0x0000019b1afbc040,
0x0000019b1ae5a9c0, 0x0000019b1b2c2220, 0x0000019b1b5c7c70, 0x0000019b1b7989c0,
0x0000019b1b796f80, 0x0000019b1b798330, 0x0000019b1b795540, 0x0000019b1c3dff00,
0x0000019b1c3dd7a0, 0x0000019b1c3df870, 0x0000019b1c3dde30, 0x0000019b1c3e4730,
0x0000019b1c3e1940, 0x0000019b1d62b790, 0x0000019b1d62be20, 0x0000019b1d62f2a0,
0x0000019b1d62def0, 0x0000019b1d62e580, 0x0000019b1d62ffc0, 0x0000019b1d630ce0,
0x0000019b1d62ec10, 0x0000019b1d631370, 0x0000019b1d631a00, 0x0000019b1d632db0,
0x0000019b1d632090, 0x0000019b1d632720, 0x0000019b1d6ba410, 0x0000019b1d6b9060,
0x0000019b1d6baaa0, 0x0000019b1d573fd0, 0x0000019b1d573940, 0x0000019b1d577ae0,
0x0000019b1d576730, 0x0000019b1d574cf0, 0x0000019b1d575380, 0x0000019b1d574660,
0x0000019b1d5760a0, 0x0000019b1d93cc60, 0x0000019b1d577450, 0x0000019b1d578170,
0x0000019b1d578e90, 0x0000019b1d575a10, 0x0000019b1d57a8d0, 0x0000019b1d579520,
0x0000019b1d578800, 0x0000019b1d579bb0, 0x0000019b1d57af60, 0x0000019b1d57a240,
0x0000019b1c3dd110, 0x0000019b1d93d330
}

Java Threads: ( => current thread )
  0x0000019b59b5fb00 JavaThread "main"                              [_thread_blocked, id=15480, stack(0x0000009ad0e00000,0x0000009ad0f00000) (1024K)]
  0x0000019b1502b680 JavaThread "Reference Handler"          daemon [_thread_blocked, id=15496, stack(0x0000009ad1600000,0x0000009ad1700000) (1024K)]
  0x0000019b1502c0e0 JavaThread "Finalizer"                  daemon [_thread_blocked, id=3452, stack(0x0000009ad1700000,0x0000009ad1800000) (1024K)]
  0x0000019b15031040 JavaThread "Signal Dispatcher"          daemon [_thread_blocked, id=3288, stack(0x0000009ad1800000,0x0000009ad1900000) (1024K)]
  0x0000019b15031d00 JavaThread "Attach Listener"            daemon [_thread_blocked, id=16348, stack(0x0000009ad1900000,0x0000009ad1a00000) (1024K)]
  0x0000019b15036810 JavaThread "Service Thread"             daemon [_thread_blocked, id=800, stack(0x0000009ad1a00000,0x0000009ad1b00000) (1024K)]
  0x0000019b15036e80 JavaThread "Monitor Deflation Thread"   daemon [_thread_blocked, id=9796, stack(0x0000009ad1b00000,0x0000009ad1c00000) (1024K)]
  0x0000019b15037c10 JavaThread "C2 CompilerThread0"         daemon [_thread_in_vm, id=9652, stack(0x0000009ad1c00000,0x0000009ad1d00000) (1024K)]
  0x0000019b1503abe0 JavaThread "C1 CompilerThread0"         daemon [_thread_blocked, id=12460, stack(0x0000009ad1d00000,0x0000009ad1e00000) (1024K)]
  0x0000019b15159a00 JavaThread "Common-Cleaner"             daemon [_thread_blocked, id=6224, stack(0x0000009ad1e00000,0x0000009ad1f00000) (1024K)]
  0x0000019b152c1c90 JavaThread "Notification Thread"        daemon [_thread_blocked, id=15988, stack(0x0000009ad2000000,0x0000009ad2100000) (1024K)]
  0x0000019b1afbc040 JavaThread "Daemon health stats"               [_thread_blocked, id=15616, stack(0x0000009ad2600000,0x0000009ad2700000) (1024K)]
  0x0000019b1ae5a9c0 JavaThread "Incoming local TCP Connector on port 61004"        [_thread_in_native, id=4748, stack(0x0000009ad2700000,0x0000009ad2800000) (1024K)]
  0x0000019b1b2c2220 JavaThread "Daemon periodic checks"            [_thread_blocked, id=7236, stack(0x0000009ad2800000,0x0000009ad2900000) (1024K)]
  0x0000019b1b5c7c70 JavaThread "Daemon"                            [_thread_blocked, id=5024, stack(0x0000009ad2900000,0x0000009ad2a00000) (1024K)]
  0x0000019b1b7989c0 JavaThread "Daemon worker"                     [_thread_in_Java, id=12732, stack(0x0000009ad2c00000,0x0000009ad2d00000) (1024K)]
  0x0000019b1b796f80 JavaThread "Cache worker for journal cache (C:\Users\Trung\.gradle\caches\journal-1)"        [_thread_blocked, id=4160, stack(0x0000009ad1f00000,0x0000009ad2000000) (1024K)]
  0x0000019b1b798330 JavaThread "File lock request listener"        [_thread_in_native, id=8036, stack(0x0000009ad3000000,0x0000009ad3100000) (1024K)]
  0x0000019b1b795540 JavaThread "Cache worker for file hash cache (C:\Users\Trung\.gradle\caches\9.4.1\fileHashes)"        [_thread_blocked, id=4964, stack(0x0000009ad3100000,0x0000009ad3200000) (1024K)]
  0x0000019b1c3dff00 JavaThread "File watcher server"        daemon [_thread_in_native, id=16664, stack(0x0000009ad3900000,0x0000009ad3a00000) (1024K)]
  0x0000019b1c3dd7a0 JavaThread "File watcher consumer"      daemon [_thread_blocked, id=11188, stack(0x0000009ad3a00000,0x0000009ad3b00000) (1024K)]
  0x0000019b1c3df870 JavaThread "Cache worker for file content cache (C:\Users\Trung\.gradle\caches\9.4.1\fileContent)"        [_thread_blocked, id=5740, stack(0x0000009ad3b00000,0x0000009ad3c00000) (1024K)]
  0x0000019b1c3dde30 JavaThread "jar transforms"                    [_thread_blocked, id=16744, stack(0x0000009ad3f00000,0x0000009ad4000000) (1024K)]
  0x0000019b1c3e4730 JavaThread "jar transforms Thread 2"           [_thread_blocked, id=9924, stack(0x0000009ad4000000,0x0000009ad4100000) (1024K)]
  0x0000019b1c3e1940 JavaThread "jar transforms Thread 3"           [_thread_blocked, id=16332, stack(0x0000009ad4100000,0x0000009ad4200000) (1024K)]
  0x0000019b1d62b790 JavaThread "jar transforms Thread 4"           [_thread_blocked, id=2060, stack(0x0000009ad4a00000,0x0000009ad4b00000) (1024K)]
  0x0000019b1d62be20 JavaThread "jar transforms Thread 5"           [_thread_blocked, id=11804, stack(0x0000009ad4b00000,0x0000009ad4c00000) (1024K)]
  0x0000019b1d62f2a0 JavaThread "jar transforms Thread 6"           [_thread_blocked, id=1508, stack(0x0000009ad4c00000,0x0000009ad4d00000) (1024K)]
  0x0000019b1d62def0 JavaThread "jar transforms Thread 7"           [_thread_blocked, id=10312, stack(0x0000009ad4d00000,0x0000009ad4e00000) (1024K)]
  0x0000019b1d62e580 JavaThread "jar transforms Thread 8"           [_thread_blocked, id=9296, stack(0x0000009ad4e00000,0x0000009ad4f00000) (1024K)]
  0x0000019b1d62ffc0 JavaThread "Memory manager"                    [_thread_blocked, id=15032, stack(0x0000009ad4f00000,0x0000009ad5000000) (1024K)]
  0x0000019b1d630ce0 JavaThread "ForkJoinPool.commonPool-worker-1" daemon [_thread_blocked, id=17820, stack(0x0000009ad5000000,0x0000009ad5100000) (1024K)]
  0x0000019b1d62ec10 JavaThread "ForkJoinPool.commonPool-worker-2" daemon [_thread_blocked, id=17824, stack(0x0000009ad5100000,0x0000009ad5200000) (1024K)]
  0x0000019b1d631370 JavaThread "ForkJoinPool.commonPool-worker-3" daemon [_thread_blocked, id=17828, stack(0x0000009ad5200000,0x0000009ad5300000) (1024K)]
  0x0000019b1d631a00 JavaThread "ForkJoinPool.commonPool-worker-4" daemon [_thread_blocked, id=17832, stack(0x0000009ad5300000,0x0000009ad5400000) (1024K)]
  0x0000019b1d632db0 JavaThread "ForkJoinPool.commonPool-worker-5" daemon [_thread_blocked, id=17836, stack(0x0000009ad5400000,0x0000009ad5500000) (1024K)]
  0x0000019b1d632090 JavaThread "ForkJoinPool.commonPool-worker-6" daemon [_thread_blocked, id=17840, stack(0x0000009ad5500000,0x0000009ad5600000) (1024K)]
  0x0000019b1d632720 JavaThread "ForkJoinPool.commonPool-worker-7" daemon [_thread_blocked, id=17844, stack(0x0000009ad5600000,0x0000009ad5700000) (1024K)]
  0x0000019b1d6ba410 JavaThread "Exec process"               daemon [_thread_blocked, id=17868, stack(0x0000009ad5700000,0x0000009ad5800000) (1024K)]
  0x0000019b1d6b9060 JavaThread "Exec process Thread 2"      daemon [_thread_blocked, id=17880, stack(0x0000009ad5800000,0x0000009ad5900000) (1024K)]
  0x0000019b1d6baaa0 JavaThread "Exec process Thread 3"      daemon [_thread_blocked, id=17884, stack(0x0000009ad5900000,0x0000009ad5a00000) (1024K)]
  0x0000019b1d573fd0 JavaThread "VFS cleanup"                       [_thread_blocked, id=20292, stack(0x0000009ad2d00000,0x0000009ad2e00000) (1024K)]
  0x0000019b1d573940 JavaThread "Handler for socket connection from /127.0.0.1:61004 to /127.0.0.1:50918"        [_thread_in_native, id=20948, stack(0x0000009ad2a00000,0x0000009ad2b00000) (1024K)]
  0x0000019b1d577ae0 JavaThread "Cancel handler"                    [_thread_blocked, id=20956, stack(0x0000009ad2b00000,0x0000009ad2c00000) (1024K)]
  0x0000019b1d576730 JavaThread "Asynchronous log dispatcher for DefaultDaemonConnection: socket connection from /127.0.0.1:61004 to /127.0.0.1:50918"        [_thread_blocked, id=21192, stack(0x0000009ad2e00000,0x0000009ad2f00000) (1024K)]
  0x0000019b1d574cf0 JavaThread "Stdin handler"                     [_thread_blocked, id=21216, stack(0x0000009ad2f00000,0x0000009ad3000000) (1024K)]
  0x0000019b1d575380 JavaThread "Daemon client event forwarder"        [_thread_blocked, id=21064, stack(0x0000009ad3200000,0x0000009ad3300000) (1024K)]
  0x0000019b1d574660 JavaThread "Cache worker for file hash cache (E:\Trung\Code\Java\SalonBooking\microservices\review\.gradle\9.4.1\fileHashes)"        [_thread_blocked, id=20880, stack(0x0000009ad3300000,0x0000009ad3400000) (1024K)]
  0x0000019b1d5760a0 JavaThread "Cache worker for Build Output Cleanup Cache (E:\Trung\Code\Java\SalonBooking\microservices\review\.gradle\buildOutputCleanup)"        [_thread_blocked, id=20804, stack(0x0000009ad3700000,0x0000009ad3800000) (1024K)]
  0x0000019b1d93cc60 JavaThread "C2 CompilerThread1"         daemon [_thread_in_native, id=20788, stack(0x0000009ad3800000,0x0000009ad3900000) (1024K)]
  0x0000019b1d577450 JavaThread "Cache worker for checksums cache (E:\Trung\Code\Java\SalonBooking\microservices\review\.gradle\9.4.1\checksums)"        [_thread_blocked, id=20816, stack(0x0000009ad3c00000,0x0000009ad3d00000) (1024K)]
  0x0000019b1d578170 JavaThread "Cache worker for cache directory md-supplier (C:\Users\Trung\.gradle\caches\9.4.1\md-supplier)"        [_thread_blocked, id=20952, stack(0x0000009ad3d00000,0x0000009ad3e00000) (1024K)]
  0x0000019b1d578e90 JavaThread "Cache worker for cache directory md-rule (C:\Users\Trung\.gradle\caches\9.4.1\md-rule)"        [_thread_blocked, id=21100, stack(0x0000009ad3e00000,0x0000009ad3f00000) (1024K)]
  0x0000019b1d575a10 JavaThread "Build operations"                  [_thread_blocked, id=21128, stack(0x0000009ad4200000,0x0000009ad4300000) (1024K)]
  0x0000019b1d57a8d0 JavaThread "Build operations Thread 2"         [_thread_blocked, id=20944, stack(0x0000009ad4300000,0x0000009ad4400000) (1024K)]
  0x0000019b1d579520 JavaThread "Build operations Thread 3"         [_thread_blocked, id=17288, stack(0x0000009ad4400000,0x0000009ad4500000) (1024K)]
  0x0000019b1d578800 JavaThread "Build operations Thread 4"         [_thread_blocked, id=19140, stack(0x0000009ad4500000,0x0000009ad4600000) (1024K)]
  0x0000019b1d579bb0 JavaThread "Build operations Thread 5"         [_thread_blocked, id=21352, stack(0x0000009ad4600000,0x0000009ad4700000) (1024K)]
  0x0000019b1d57af60 JavaThread "Build operations Thread 6"         [_thread_blocked, id=21248, stack(0x0000009ad4700000,0x0000009ad4800000) (1024K)]
  0x0000019b1d57a240 JavaThread "Build operations Thread 7"         [_thread_blocked, id=21240, stack(0x0000009ad4800000,0x0000009ad4900000) (1024K)]
  0x0000019b1c3dd110 JavaThread "Build operations Thread 8"         [_thread_blocked, id=21264, stack(0x0000009ad4900000,0x0000009ad4a00000) (1024K)]
=>0x0000019b1d93d330 JavaThread "C2 CompilerThread2"         daemon [_thread_in_native, id=11040, stack(0x0000009ad5a00000,0x0000009ad5b00000) (1024K)]
Total: 62

Other Threads:
  0x0000019b1500e5e0 VMThread "VM Thread"                           [id=15072, stack(0x0000009ad1500000,0x0000009ad1600000) (1024K)]
  0x0000019b76387850 WatcherThread "VM Periodic Task Thread"        [id=3476, stack(0x0000009ad1400000,0x0000009ad1500000) (1024K)]
  0x0000019b59b8a620 WorkerThread "GC Thread#0"                     [id=14664, stack(0x0000009ad0f00000,0x0000009ad1000000) (1024K)]
  0x0000019b1a38a000 WorkerThread "GC Thread#1"                     [id=14844, stack(0x0000009ad2100000,0x0000009ad2200000) (1024K)]
  0x0000019b1a388a10 WorkerThread "GC Thread#2"                     [id=3960, stack(0x0000009ad2200000,0x0000009ad2300000) (1024K)]
  0x0000019b1a388dc0 WorkerThread "GC Thread#3"                     [id=17184, stack(0x0000009ad2300000,0x0000009ad2400000) (1024K)]
  0x0000019b1a389170 WorkerThread "GC Thread#4"                     [id=17212, stack(0x0000009ad2400000,0x0000009ad2500000) (1024K)]
  0x0000019b1a464240 WorkerThread "GC Thread#5"                     [id=12664, stack(0x0000009ad2500000,0x0000009ad2600000) (1024K)]
  0x0000019b1c3eb240 WorkerThread "GC Thread#6"                     [id=15704, stack(0x0000009ad3400000,0x0000009ad3500000) (1024K)]
  0x0000019b1c3eb5f0 WorkerThread "GC Thread#7"                     [id=17348, stack(0x0000009ad3500000,0x0000009ad3600000) (1024K)]
  0x0000019b59b8f5a0 ConcurrentGCThread "G1 Main Marker"            [id=14660, stack(0x0000009ad1000000,0x0000009ad1100000) (1024K)]
  0x0000019b59b916f0 WorkerThread "G1 Conc#0"                       [id=3656, stack(0x0000009ad1100000,0x0000009ad1200000) (1024K)]
  0x0000019b1c3ec860 WorkerThread "G1 Conc#1"                       [id=17364, stack(0x0000009ad3600000,0x0000009ad3700000) (1024K)]
  0x0000019b7624a2d0 ConcurrentGCThread "G1 Refine#0"               [id=14532, stack(0x0000009ad1200000,0x0000009ad1300000) (1024K)]
  0x0000019b7624c010 ConcurrentGCThread "G1 Service"                [id=13104, stack(0x0000009ad1300000,0x0000009ad1400000) (1024K)]
Total: 15

Threads with active compile tasks:
C2 CompilerThread2  41180 13657       4       io.spring.gradle.dependencymanagement.org.apache.maven.model.inheritance.DefaultInheritanceAssembler$InheritanceModelMerger::mergePluginContainer_Plugins (430 bytes)
Total: 1

VM state: not at safepoint (normal execution)

VM Mutex/Monitor currently owned by a thread: None

Heap address: 0x00000000e0000000, size: 512 MB, Compressed Oops mode: 32-bit

CDS archive(s) mapped at: [0x0000019b00000000-0x0000019b00c60000-0x0000019b00c60000), size 12976128, SharedBaseAddress: 0x0000019b00000000, ArchiveRelocationMode: 1.
Compressed class space mapped at: 0x0000019b01000000-0x0000019b15000000, reserved size: 335544320
Narrow klass base: 0x0000019b00000000, Narrow klass shift: 0, Narrow klass range: 0x15000000

GC Precious Log:
 CardTable entry size: 512
 Card Set container configuration: InlinePtr #cards 5 size 8 Array Of Cards #cards 12 size 40 Howl #buckets 4 coarsen threshold 1843 Howl Bitmap #cards 512 size 80 coarsen threshold 460 Card regions per heap region 1 cards per card region 2048
 CPUs: 8 total, 8 available
 Memory: 20259M
 Large Page Support: Disabled
 NUMA Support: Disabled
 Compressed Oops: Enabled (32-bit)
 Heap Region Size: 1M
 Heap Min Capacity: 256M
 Heap Initial Capacity: 256M
 Heap Max Capacity: 512M
 Pre-touch: Disabled
 Parallel Workers: 8
 Concurrent Workers: 2
 Concurrent Refinement Workers: 8
 Periodic GC: Disabled

Heap:
 garbage-first heap   total reserved 524288K, committed 262144K, used 204222K [0x00000000e0000000, 0x0000000100000000)
  region size 1024K, 131 young (134144K), 6 survivors (6144K)
 Metaspace       used 66575K, committed 69120K, reserved 393216K
  class space    used 9721K, committed 10944K, reserved 327680K

Heap Regions: E=young(eden), S=young(survivor), O=old, HS=humongous(starts), HC=humongous(continues), CS=collection set, F=free, TAMS=top-at-mark-start, PB=parsable bottom
|   0|0x00000000e0000000, 0x00000000e0100000, 0x00000000e0100000|100%|HS|  |TAMS 0x00000000e0000000| PB 0x00000000e0000000| Complete |  0
|   1|0x00000000e0100000, 0x00000000e0200000, 0x00000000e0200000|100%|HC|  |TAMS 0x00000000e0100000| PB 0x00000000e0100000| Complete |  0
|   2|0x00000000e0200000, 0x00000000e0300000, 0x00000000e0300000|100%|HC|  |TAMS 0x00000000e0200000| PB 0x00000000e0200000| Complete |  0
|   3|0x00000000e0300000, 0x00000000e0400000, 0x00000000e0400000|100%|HC|  |TAMS 0x00000000e0300000| PB 0x00000000e0300000| Complete |  0
|   4|0x00000000e0400000, 0x00000000e0500000, 0x00000000e0500000|100%| O|  |TAMS 0x00000000e0400000| PB 0x00000000e0400000| Untracked |  0
|   5|0x00000000e0500000, 0x00000000e0600000, 0x00000000e0600000|100%| O|  |TAMS 0x00000000e0500000| PB 0x00000000e0500000| Untracked |  0
|   6|0x00000000e0600000, 0x00000000e0700000, 0x00000000e0700000|100%| O|  |TAMS 0x00000000e0600000| PB 0x00000000e0600000| Untracked |  0
|   7|0x00000000e0700000, 0x00000000e0800000, 0x00000000e0800000|100%| O|  |TAMS 0x00000000e0700000| PB 0x00000000e0700000| Untracked |  0
|   8|0x00000000e0800000, 0x00000000e0900000, 0x00000000e0900000|100%|HS|  |TAMS 0x00000000e0800000| PB 0x00000000e0800000| Complete |  0
|   9|0x00000000e0900000, 0x00000000e0a00000, 0x00000000e0a00000|100%| O|  |TAMS 0x00000000e0900000| PB 0x00000000e0900000| Untracked |  0
|  10|0x00000000e0a00000, 0x00000000e0b00000, 0x00000000e0b00000|100%| O|  |TAMS 0x00000000e0a00000| PB 0x00000000e0a00000| Untracked |  0
|  11|0x00000000e0b00000, 0x00000000e0c00000, 0x00000000e0c00000|100%| O|  |TAMS 0x00000000e0b00000| PB 0x00000000e0b00000| Untracked |  0
|  12|0x00000000e0c00000, 0x00000000e0d00000, 0x00000000e0d00000|100%| O|  |TAMS 0x00000000e0c00000| PB 0x00000000e0c00000| Untracked |  0
|  13|0x00000000e0d00000, 0x00000000e0e00000, 0x00000000e0e00000|100%| O|  |TAMS 0x00000000e0d00000| PB 0x00000000e0d00000| Untracked |  0
|  14|0x00000000e0e00000, 0x00000000e0f00000, 0x00000000e0f00000|100%| O|  |TAMS 0x00000000e0e00000| PB 0x00000000e0e00000| Untracked |  0
|  15|0x00000000e0f00000, 0x00000000e1000000, 0x00000000e1000000|100%| O|  |TAMS 0x00000000e0f00000| PB 0x00000000e0f00000| Untracked |  0
|  16|0x00000000e1000000, 0x00000000e1100000, 0x00000000e1100000|100%| O|  |TAMS 0x00000000e1000000| PB 0x00000000e1000000| Untracked |  0
|  17|0x00000000e1100000, 0x00000000e1200000, 0x00000000e1200000|100%| O|  |TAMS 0x00000000e1100000| PB 0x00000000e1100000| Untracked |  0
|  18|0x00000000e1200000, 0x00000000e1300000, 0x00000000e1300000|100%| O|  |TAMS 0x00000000e1200000| PB 0x00000000e1200000| Untracked |  0
|  19|0x00000000e1300000, 0x00000000e1400000, 0x00000000e1400000|100%|HS|  |TAMS 0x00000000e1300000| PB 0x00000000e1300000| Complete |  0
|  20|0x00000000e1400000, 0x00000000e1500000, 0x00000000e1500000|100%|HC|  |TAMS 0x00000000e1400000| PB 0x00000000e1400000| Complete |  0
|  21|0x00000000e1500000, 0x00000000e1600000, 0x00000000e1600000|100%| O|  |TAMS 0x00000000e1500000| PB 0x00000000e1500000| Untracked |  0
|  22|0x00000000e1600000, 0x00000000e1700000, 0x00000000e1700000|100%| O|  |TAMS 0x00000000e1600000| PB 0x00000000e1600000| Untracked |  0
|  23|0x00000000e1700000, 0x00000000e1800000, 0x00000000e1800000|100%| O|  |TAMS 0x00000000e1700000| PB 0x00000000e1700000| Untracked |  0
|  24|0x00000000e1800000, 0x00000000e1900000, 0x00000000e1900000|100%| O|  |TAMS 0x00000000e1800000| PB 0x00000000e1800000| Untracked |  0
|  25|0x00000000e1900000, 0x00000000e1a00000, 0x00000000e1a00000|100%| O|  |TAMS 0x00000000e1900000| PB 0x00000000e1900000| Untracked |  0
|  26|0x00000000e1a00000, 0x00000000e1b00000, 0x00000000e1b00000|100%| O|  |TAMS 0x00000000e1a00000| PB 0x00000000e1a00000| Untracked |  0
|  27|0x00000000e1b00000, 0x00000000e1c00000, 0x00000000e1c00000|100%| O|  |TAMS 0x00000000e1b00000| PB 0x00000000e1b00000| Untracked |  0
|  28|0x00000000e1c00000, 0x00000000e1d00000, 0x00000000e1d00000|100%| O|  |TAMS 0x00000000e1c00000| PB 0x00000000e1c00000| Untracked |  0
|  29|0x00000000e1d00000, 0x00000000e1e00000, 0x00000000e1e00000|100%| O|  |TAMS 0x00000000e1d00000| PB 0x00000000e1d00000| Untracked |  0
|  30|0x00000000e1e00000, 0x00000000e1f00000, 0x00000000e1f00000|100%| O|  |TAMS 0x00000000e1e00000| PB 0x00000000e1e00000| Untracked |  0
|  31|0x00000000e1f00000, 0x00000000e2000000, 0x00000000e2000000|100%| O|  |TAMS 0x00000000e1f00000| PB 0x00000000e1f00000| Untracked |  0
|  32|0x00000000e2000000, 0x00000000e2100000, 0x00000000e2100000|100%| O|  |TAMS 0x00000000e2000000| PB 0x00000000e2000000| Untracked |  0
|  33|0x00000000e2100000, 0x00000000e2200000, 0x00000000e2200000|100%| O|  |TAMS 0x00000000e2100000| PB 0x00000000e2100000| Untracked |  0
|  34|0x00000000e2200000, 0x00000000e2300000, 0x00000000e2300000|100%| O|  |TAMS 0x00000000e2200000| PB 0x00000000e2200000| Untracked |  0
|  35|0x00000000e2300000, 0x00000000e2400000, 0x00000000e2400000|100%| O|  |TAMS 0x00000000e2300000| PB 0x00000000e2300000| Untracked |  0
|  36|0x00000000e2400000, 0x00000000e2500000, 0x00000000e2500000|100%| O|  |TAMS 0x00000000e2400000| PB 0x00000000e2400000| Untracked |  0
|  37|0x00000000e2500000, 0x00000000e2600000, 0x00000000e2600000|100%| O|  |TAMS 0x00000000e2500000| PB 0x00000000e2500000| Untracked |  0
|  38|0x00000000e2600000, 0x00000000e2700000, 0x00000000e2700000|100%| O|  |TAMS 0x00000000e2600000| PB 0x00000000e2600000| Untracked |  0
|  39|0x00000000e2700000, 0x00000000e2800000, 0x00000000e2800000|100%| O|  |TAMS 0x00000000e2700000| PB 0x00000000e2700000| Untracked |  0
|  40|0x00000000e2800000, 0x00000000e2900000, 0x00000000e2900000|100%| O|  |TAMS 0x00000000e2800000| PB 0x00000000e2800000| Untracked |  0
|  41|0x00000000e2900000, 0x00000000e2a00000, 0x00000000e2a00000|100%| O|  |TAMS 0x00000000e2900000| PB 0x00000000e2900000| Untracked |  0
|  42|0x00000000e2a00000, 0x00000000e2b00000, 0x00000000e2b00000|100%| O|  |TAMS 0x00000000e2a00000| PB 0x00000000e2a00000| Untracked |  0
|  43|0x00000000e2b00000, 0x00000000e2c00000, 0x00000000e2c00000|100%| O|  |TAMS 0x00000000e2b00000| PB 0x00000000e2b00000| Untracked |  0
|  44|0x00000000e2c00000, 0x00000000e2c00000, 0x00000000e2d00000|  0%| F|  |TAMS 0x00000000e2c00000| PB 0x00000000e2c00000| Untracked |  0
|  45|0x00000000e2d00000, 0x00000000e2e00000, 0x00000000e2e00000|100%| O|  |TAMS 0x00000000e2d00000| PB 0x00000000e2d00000| Untracked |  0
|  46|0x00000000e2e00000, 0x00000000e2f00000, 0x00000000e2f00000|100%| O|  |TAMS 0x00000000e2e00000| PB 0x00000000e2e00000| Untracked |  0
|  47|0x00000000e2f00000, 0x00000000e3000000, 0x00000000e3000000|100%| O|  |TAMS 0x00000000e2f00000| PB 0x00000000e2f00000| Untracked |  0
|  48|0x00000000e3000000, 0x00000000e3100000, 0x00000000e3100000|100%| O|  |TAMS 0x00000000e3000000| PB 0x00000000e3000000| Untracked |  0
|  49|0x00000000e3100000, 0x00000000e3200000, 0x00000000e3200000|100%| O|  |TAMS 0x00000000e3100000| PB 0x00000000e3100000| Untracked |  0
|  50|0x00000000e3200000, 0x00000000e3300000, 0x00000000e3300000|100%| O|  |TAMS 0x00000000e3200000| PB 0x00000000e3200000| Untracked |  0
|  51|0x00000000e3300000, 0x00000000e3400000, 0x00000000e3400000|100%| O|  |TAMS 0x00000000e3300000| PB 0x00000000e3300000| Untracked |  0
|  52|0x00000000e3400000, 0x00000000e3500000, 0x00000000e3500000|100%| O|  |TAMS 0x00000000e3400000| PB 0x00000000e3400000| Untracked |  0
|  53|0x00000000e3500000, 0x00000000e3600000, 0x00000000e3600000|100%| O|  |TAMS 0x00000000e3500000| PB 0x00000000e3500000| Untracked |  0
|  54|0x00000000e3600000, 0x00000000e3700000, 0x00000000e3700000|100%| O|  |TAMS 0x00000000e3600000| PB 0x00000000e3600000| Untracked |  0
|  55|0x00000000e3700000, 0x00000000e3800000, 0x00000000e3800000|100%| O|  |TAMS 0x00000000e3700000| PB 0x00000000e3700000| Untracked |  0
|  56|0x00000000e3800000, 0x00000000e3900000, 0x00000000e3900000|100%| O|  |TAMS 0x00000000e3800000| PB 0x00000000e3800000| Untracked |  0
|  57|0x00000000e3900000, 0x00000000e3a00000, 0x00000000e3a00000|100%| O|  |TAMS 0x00000000e3900000| PB 0x00000000e3900000| Untracked |  0
|  58|0x00000000e3a00000, 0x00000000e3b00000, 0x00000000e3b00000|100%| O|  |TAMS 0x00000000e3a00000| PB 0x00000000e3a00000| Untracked |  0
|  59|0x00000000e3b00000, 0x00000000e3c00000, 0x00000000e3c00000|100%| O|  |TAMS 0x00000000e3b00000| PB 0x00000000e3b00000| Untracked |  0
|  60|0x00000000e3c00000, 0x00000000e3d00000, 0x00000000e3d00000|100%| O|  |TAMS 0x00000000e3c00000| PB 0x00000000e3c00000| Untracked |  0
|  61|0x00000000e3d00000, 0x00000000e3e00000, 0x00000000e3e00000|100%| O|  |TAMS 0x00000000e3d00000| PB 0x00000000e3d00000| Untracked |  0
|  62|0x00000000e3e00000, 0x00000000e3f00000, 0x00000000e3f00000|100%| O|  |TAMS 0x00000000e3e00000| PB 0x00000000e3e00000| Untracked |  0
|  63|0x00000000e3f00000, 0x00000000e4000000, 0x00000000e4000000|100%| O|  |TAMS 0x00000000e3f00000| PB 0x00000000e3f00000| Untracked |  0
|  64|0x00000000e4000000, 0x00000000e4100000, 0x00000000e4100000|100%| O|  |TAMS 0x00000000e4000000| PB 0x00000000e4000000| Untracked |  0
|  65|0x00000000e4100000, 0x00000000e4200000, 0x00000000e4200000|100%| O|  |TAMS 0x00000000e4100000| PB 0x00000000e4100000| Untracked |  0
|  66|0x00000000e4200000, 0x00000000e4300000, 0x00000000e4300000|100%| O|  |TAMS 0x00000000e4200000| PB 0x00000000e4200000| Untracked |  0
|  67|0x00000000e4300000, 0x00000000e4400000, 0x00000000e4400000|100%| O|  |TAMS 0x00000000e4300000| PB 0x00000000e4300000| Untracked |  0
|  68|0x00000000e4400000, 0x00000000e4500000, 0x00000000e4500000|100%| O|  |TAMS 0x00000000e4400000| PB 0x00000000e4400000| Untracked |  0
|  69|0x00000000e4500000, 0x00000000e4600000, 0x00000000e4600000|100%| O|  |TAMS 0x00000000e4500000| PB 0x00000000e4500000| Untracked |  0
|  70|0x00000000e4600000, 0x00000000e46b12b0, 0x00000000e4700000| 69%| O|  |TAMS 0x00000000e4600000| PB 0x00000000e4600000| Untracked |  0
|  71|0x00000000e4700000, 0x00000000e4700000, 0x00000000e4800000|  0%| F|  |TAMS 0x00000000e4700000| PB 0x00000000e4700000| Untracked |  0
|  72|0x00000000e4800000, 0x00000000e4800000, 0x00000000e4900000|  0%| F|  |TAMS 0x00000000e4800000| PB 0x00000000e4800000| Untracked |  0
|  73|0x00000000e4900000, 0x00000000e4900000, 0x00000000e4a00000|  0%| F|  |TAMS 0x00000000e4900000| PB 0x00000000e4900000| Untracked |  0
|  74|0x00000000e4a00000, 0x00000000e4a00000, 0x00000000e4b00000|  0%| F|  |TAMS 0x00000000e4a00000| PB 0x00000000e4a00000| Untracked |  0
|  75|0x00000000e4b00000, 0x00000000e4b00000, 0x00000000e4c00000|  0%| F|  |TAMS 0x00000000e4b00000| PB 0x00000000e4b00000| Untracked |  0
|  76|0x00000000e4c00000, 0x00000000e4c00000, 0x00000000e4d00000|  0%| F|  |TAMS 0x00000000e4c00000| PB 0x00000000e4c00000| Untracked |  0
|  77|0x00000000e4d00000, 0x00000000e4d00000, 0x00000000e4e00000|  0%| F|  |TAMS 0x00000000e4d00000| PB 0x00000000e4d00000| Untracked |  0
|  78|0x00000000e4e00000, 0x00000000e4e00000, 0x00000000e4f00000|  0%| F|  |TAMS 0x00000000e4e00000| PB 0x00000000e4e00000| Untracked |  0
|  79|0x00000000e4f00000, 0x00000000e4f00000, 0x00000000e5000000|  0%| F|  |TAMS 0x00000000e4f00000| PB 0x00000000e4f00000| Untracked |  0
|  80|0x00000000e5000000, 0x00000000e5000000, 0x00000000e5100000|  0%| F|  |TAMS 0x00000000e5000000| PB 0x00000000e5000000| Untracked |  0
|  81|0x00000000e5100000, 0x00000000e5100000, 0x00000000e5200000|  0%| F|  |TAMS 0x00000000e5100000| PB 0x00000000e5100000| Untracked |  0
|  82|0x00000000e5200000, 0x00000000e5200000, 0x00000000e5300000|  0%| F|  |TAMS 0x00000000e5200000| PB 0x00000000e5200000| Untracked |  0
|  83|0x00000000e5300000, 0x00000000e5300000, 0x00000000e5400000|  0%| F|  |TAMS 0x00000000e5300000| PB 0x00000000e5300000| Untracked |  0
|  84|0x00000000e5400000, 0x00000000e5400000, 0x00000000e5500000|  0%| F|  |TAMS 0x00000000e5400000| PB 0x00000000e5400000| Untracked |  0
|  85|0x00000000e5500000, 0x00000000e5500000, 0x00000000e5600000|  0%| F|  |TAMS 0x00000000e5500000| PB 0x00000000e5500000| Untracked |  0
|  86|0x00000000e5600000, 0x00000000e5600000, 0x00000000e5700000|  0%| F|  |TAMS 0x00000000e5600000| PB 0x00000000e5600000| Untracked |  0
|  87|0x00000000e5700000, 0x00000000e5700000, 0x00000000e5800000|  0%| F|  |TAMS 0x00000000e5700000| PB 0x00000000e5700000| Untracked |  0
|  88|0x00000000e5800000, 0x00000000e5800000, 0x00000000e5900000|  0%| F|  |TAMS 0x00000000e5800000| PB 0x00000000e5800000| Untracked |  0
|  89|0x00000000e5900000, 0x00000000e5900000, 0x00000000e5a00000|  0%| F|  |TAMS 0x00000000e5900000| PB 0x00000000e5900000| Untracked |  0
|  90|0x00000000e5a00000, 0x00000000e5a00000, 0x00000000e5b00000|  0%| F|  |TAMS 0x00000000e5a00000| PB 0x00000000e5a00000| Untracked |  0
|  91|0x00000000e5b00000, 0x00000000e5b00000, 0x00000000e5c00000|  0%| F|  |TAMS 0x00000000e5b00000| PB 0x00000000e5b00000| Untracked |  0
|  92|0x00000000e5c00000, 0x00000000e5c00000, 0x00000000e5d00000|  0%| F|  |TAMS 0x00000000e5c00000| PB 0x00000000e5c00000| Untracked |  0
|  93|0x00000000e5d00000, 0x00000000e5d00000, 0x00000000e5e00000|  0%| F|  |TAMS 0x00000000e5d00000| PB 0x00000000e5d00000| Untracked |  0
|  94|0x00000000e5e00000, 0x00000000e5e00000, 0x00000000e5f00000|  0%| F|  |TAMS 0x00000000e5e00000| PB 0x00000000e5e00000| Untracked |  0
|  95|0x00000000e5f00000, 0x00000000e5f00000, 0x00000000e6000000|  0%| F|  |TAMS 0x00000000e5f00000| PB 0x00000000e5f00000| Untracked |  0
|  96|0x00000000e6000000, 0x00000000e6000000, 0x00000000e6100000|  0%| F|  |TAMS 0x00000000e6000000| PB 0x00000000e6000000| Untracked |  0
|  97|0x00000000e6100000, 0x00000000e6100000, 0x00000000e6200000|  0%| F|  |TAMS 0x00000000e6100000| PB 0x00000000e6100000| Untracked |  0
|  98|0x00000000e6200000, 0x00000000e6200000, 0x00000000e6300000|  0%| F|  |TAMS 0x00000000e6200000| PB 0x00000000e6200000| Untracked |  0
|  99|0x00000000e6300000, 0x00000000e6300000, 0x00000000e6400000|  0%| F|  |TAMS 0x00000000e6300000| PB 0x00000000e6300000| Untracked |  0
| 100|0x00000000e6400000, 0x00000000e6400000, 0x00000000e6500000|  0%| F|  |TAMS 0x00000000e6400000| PB 0x00000000e6400000| Untracked |  0
| 101|0x00000000e6500000, 0x00000000e6500000, 0x00000000e6600000|  0%| F|  |TAMS 0x00000000e6500000| PB 0x00000000e6500000| Untracked |  0
| 102|0x00000000e6600000, 0x00000000e6600000, 0x00000000e6700000|  0%| F|  |TAMS 0x00000000e6600000| PB 0x00000000e6600000| Untracked |  0
| 103|0x00000000e6700000, 0x00000000e6700000, 0x00000000e6800000|  0%| F|  |TAMS 0x00000000e6700000| PB 0x00000000e6700000| Untracked |  0
| 104|0x00000000e6800000, 0x00000000e6800000, 0x00000000e6900000|  0%| F|  |TAMS 0x00000000e6800000| PB 0x00000000e6800000| Untracked |  0
| 105|0x00000000e6900000, 0x00000000e6900000, 0x00000000e6a00000|  0%| F|  |TAMS 0x00000000e6900000| PB 0x00000000e6900000| Untracked |  0
| 106|0x00000000e6a00000, 0x00000000e6a00000, 0x00000000e6b00000|  0%| F|  |TAMS 0x00000000e6a00000| PB 0x00000000e6a00000| Untracked |  0
| 107|0x00000000e6b00000, 0x00000000e6b00000, 0x00000000e6c00000|  0%| F|  |TAMS 0x00000000e6b00000| PB 0x00000000e6b00000| Untracked |  0
| 108|0x00000000e6c00000, 0x00000000e6c00000, 0x00000000e6d00000|  0%| F|  |TAMS 0x00000000e6c00000| PB 0x00000000e6c00000| Untracked |  0
| 109|0x00000000e6d00000, 0x00000000e6d00000, 0x00000000e6e00000|  0%| F|  |TAMS 0x00000000e6d00000| PB 0x00000000e6d00000| Untracked |  0
| 110|0x00000000e6e00000, 0x00000000e6e00000, 0x00000000e6f00000|  0%| F|  |TAMS 0x00000000e6e00000| PB 0x00000000e6e00000| Untracked |  0
| 111|0x00000000e6f00000, 0x00000000e6f00000, 0x00000000e7000000|  0%| F|  |TAMS 0x00000000e6f00000| PB 0x00000000e6f00000| Untracked |  0
| 112|0x00000000e7000000, 0x00000000e7000000, 0x00000000e7100000|  0%| F|  |TAMS 0x00000000e7000000| PB 0x00000000e7000000| Untracked |  0
| 113|0x00000000e7100000, 0x00000000e7100000, 0x00000000e7200000|  0%| F|  |TAMS 0x00000000e7100000| PB 0x00000000e7100000| Untracked |  0
| 114|0x00000000e7200000, 0x00000000e7200000, 0x00000000e7300000|  0%| F|  |TAMS 0x00000000e7200000| PB 0x00000000e7200000| Untracked |  0
| 115|0x00000000e7300000, 0x00000000e7300000, 0x00000000e7400000|  0%| F|  |TAMS 0x00000000e7300000| PB 0x00000000e7300000| Untracked |  0
| 116|0x00000000e7400000, 0x00000000e7400000, 0x00000000e7500000|  0%| F|  |TAMS 0x00000000e7400000| PB 0x00000000e7400000| Untracked |  0
| 117|0x00000000e7500000, 0x00000000e75be860, 0x00000000e7600000| 74%| S|CS|TAMS 0x00000000e7500000| PB 0x00000000e7500000| Complete |  0
| 118|0x00000000e7600000, 0x00000000e7700000, 0x00000000e7700000|100%| S|CS|TAMS 0x00000000e7600000| PB 0x00000000e7600000| Complete |  0
| 119|0x00000000e7700000, 0x00000000e7800000, 0x00000000e7800000|100%| S|CS|TAMS 0x00000000e7700000| PB 0x00000000e7700000| Complete |  0
| 120|0x00000000e7800000, 0x00000000e7900000, 0x00000000e7900000|100%| S|CS|TAMS 0x00000000e7800000| PB 0x00000000e7800000| Complete |  0
| 121|0x00000000e7900000, 0x00000000e7a00000, 0x00000000e7a00000|100%| S|CS|TAMS 0x00000000e7900000| PB 0x00000000e7900000| Complete |  0
| 122|0x00000000e7a00000, 0x00000000e7b00000, 0x00000000e7b00000|100%| S|CS|TAMS 0x00000000e7a00000| PB 0x00000000e7a00000| Complete |  0
| 123|0x00000000e7b00000, 0x00000000e7b00000, 0x00000000e7c00000|  0%| F|  |TAMS 0x00000000e7b00000| PB 0x00000000e7b00000| Untracked |  0
| 124|0x00000000e7c00000, 0x00000000e7c00000, 0x00000000e7d00000|  0%| F|  |TAMS 0x00000000e7c00000| PB 0x00000000e7c00000| Untracked |  0
| 125|0x00000000e7d00000, 0x00000000e7d00000, 0x00000000e7e00000|  0%| F|  |TAMS 0x00000000e7d00000| PB 0x00000000e7d00000| Untracked |  0
| 126|0x00000000e7e00000, 0x00000000e7e00000, 0x00000000e7f00000|  0%| F|  |TAMS 0x00000000e7e00000| PB 0x00000000e7e00000| Untracked |  0
| 127|0x00000000e7f00000, 0x00000000e7f00000, 0x00000000e8000000|  0%| F|  |TAMS 0x00000000e7f00000| PB 0x00000000e7f00000| Untracked |  0
| 128|0x00000000e8000000, 0x00000000e8000000, 0x00000000e8100000|  0%| F|  |TAMS 0x00000000e8000000| PB 0x00000000e8000000| Untracked |  0
| 129|0x00000000e8100000, 0x00000000e8100000, 0x00000000e8200000|  0%| F|  |TAMS 0x00000000e8100000| PB 0x00000000e8100000| Untracked |  0
| 130|0x00000000e8200000, 0x00000000e8300000, 0x00000000e8300000|100%| E|  |TAMS 0x00000000e8200000| PB 0x00000000e8200000| Complete |  0
| 131|0x00000000e8300000, 0x00000000e8400000, 0x00000000e8400000|100%| E|CS|TAMS 0x00000000e8300000| PB 0x00000000e8300000| Complete |  0
| 132|0x00000000e8400000, 0x00000000e8500000, 0x00000000e8500000|100%| E|CS|TAMS 0x00000000e8400000| PB 0x00000000e8400000| Complete |  0
| 133|0x00000000e8500000, 0x00000000e8600000, 0x00000000e8600000|100%| E|CS|TAMS 0x00000000e8500000| PB 0x00000000e8500000| Complete |  0
| 134|0x00000000e8600000, 0x00000000e8700000, 0x00000000e8700000|100%| E|CS|TAMS 0x00000000e8600000| PB 0x00000000e8600000| Complete |  0
| 135|0x00000000e8700000, 0x00000000e8800000, 0x00000000e8800000|100%| E|CS|TAMS 0x00000000e8700000| PB 0x00000000e8700000| Complete |  0
| 136|0x00000000e8800000, 0x00000000e8900000, 0x00000000e8900000|100%| E|CS|TAMS 0x00000000e8800000| PB 0x00000000e8800000| Complete |  0
| 137|0x00000000e8900000, 0x00000000e8a00000, 0x00000000e8a00000|100%| E|CS|TAMS 0x00000000e8900000| PB 0x00000000e8900000| Complete |  0
| 138|0x00000000e8a00000, 0x00000000e8b00000, 0x00000000e8b00000|100%| E|CS|TAMS 0x00000000e8a00000| PB 0x00000000e8a00000| Complete |  0
| 139|0x00000000e8b00000, 0x00000000e8c00000, 0x00000000e8c00000|100%| E|CS|TAMS 0x00000000e8b00000| PB 0x00000000e8b00000| Complete |  0
| 140|0x00000000e8c00000, 0x00000000e8d00000, 0x00000000e8d00000|100%| E|CS|TAMS 0x00000000e8c00000| PB 0x00000000e8c00000| Complete |  0
| 141|0x00000000e8d00000, 0x00000000e8e00000, 0x00000000e8e00000|100%| E|CS|TAMS 0x00000000e8d00000| PB 0x00000000e8d00000| Complete |  0
| 142|0x00000000e8e00000, 0x00000000e8f00000, 0x00000000e8f00000|100%| E|CS|TAMS 0x00000000e8e00000| PB 0x00000000e8e00000| Complete |  0
| 143|0x00000000e8f00000, 0x00000000e9000000, 0x00000000e9000000|100%| E|CS|TAMS 0x00000000e8f00000| PB 0x00000000e8f00000| Complete |  0
| 144|0x00000000e9000000, 0x00000000e9100000, 0x00000000e9100000|100%| E|CS|TAMS 0x00000000e9000000| PB 0x00000000e9000000| Complete |  0
| 145|0x00000000e9100000, 0x00000000e9200000, 0x00000000e9200000|100%| E|CS|TAMS 0x00000000e9100000| PB 0x00000000e9100000| Complete |  0
| 146|0x00000000e9200000, 0x00000000e9300000, 0x00000000e9300000|100%| E|CS|TAMS 0x00000000e9200000| PB 0x00000000e9200000| Complete |  0
| 147|0x00000000e9300000, 0x00000000e9400000, 0x00000000e9400000|100%| E|CS|TAMS 0x00000000e9300000| PB 0x00000000e9300000| Complete |  0
| 148|0x00000000e9400000, 0x00000000e9500000, 0x00000000e9500000|100%| E|CS|TAMS 0x00000000e9400000| PB 0x00000000e9400000| Complete |  0
| 149|0x00000000e9500000, 0x00000000e9600000, 0x00000000e9600000|100%| E|CS|TAMS 0x00000000e9500000| PB 0x00000000e9500000| Complete |  0
| 150|0x00000000e9600000, 0x00000000e9700000, 0x00000000e9700000|100%| E|CS|TAMS 0x00000000e9600000| PB 0x00000000e9600000| Complete |  0
| 151|0x00000000e9700000, 0x00000000e9800000, 0x00000000e9800000|100%| E|CS|TAMS 0x00000000e9700000| PB 0x00000000e9700000| Complete |  0
| 152|0x00000000e9800000, 0x00000000e9900000, 0x00000000e9900000|100%| E|CS|TAMS 0x00000000e9800000| PB 0x00000000e9800000| Complete |  0
| 153|0x00000000e9900000, 0x00000000e9a00000, 0x00000000e9a00000|100%| E|CS|TAMS 0x00000000e9900000| PB 0x00000000e9900000| Complete |  0
| 154|0x00000000e9a00000, 0x00000000e9b00000, 0x00000000e9b00000|100%| E|CS|TAMS 0x00000000e9a00000| PB 0x00000000e9a00000| Complete |  0
| 155|0x00000000e9b00000, 0x00000000e9c00000, 0x00000000e9c00000|100%| E|CS|TAMS 0x00000000e9b00000| PB 0x00000000e9b00000| Complete |  0
| 156|0x00000000e9c00000, 0x00000000e9d00000, 0x00000000e9d00000|100%| E|CS|TAMS 0x00000000e9c00000| PB 0x00000000e9c00000| Complete |  0
| 157|0x00000000e9d00000, 0x00000000e9e00000, 0x00000000e9e00000|100%| E|CS|TAMS 0x00000000e9d00000| PB 0x00000000e9d00000| Complete |  0
| 158|0x00000000e9e00000, 0x00000000e9f00000, 0x00000000e9f00000|100%| E|CS|TAMS 0x00000000e9e00000| PB 0x00000000e9e00000| Complete |  0
| 159|0x00000000e9f00000, 0x00000000ea000000, 0x00000000ea000000|100%| E|CS|TAMS 0x00000000e9f00000| PB 0x00000000e9f00000| Complete |  0
| 160|0x00000000ea000000, 0x00000000ea100000, 0x00000000ea100000|100%| E|CS|TAMS 0x00000000ea000000| PB 0x00000000ea000000| Complete |  0
| 161|0x00000000ea100000, 0x00000000ea200000, 0x00000000ea200000|100%| E|CS|TAMS 0x00000000ea100000| PB 0x00000000ea100000| Complete |  0
| 162|0x00000000ea200000, 0x00000000ea300000, 0x00000000ea300000|100%| E|CS|TAMS 0x00000000ea200000| PB 0x00000000ea200000| Complete |  0
| 163|0x00000000ea300000, 0x00000000ea400000, 0x00000000ea400000|100%| E|CS|TAMS 0x00000000ea300000| PB 0x00000000ea300000| Complete |  0
| 164|0x00000000ea400000, 0x00000000ea500000, 0x00000000ea500000|100%| E|CS|TAMS 0x00000000ea400000| PB 0x00000000ea400000| Complete |  0
| 165|0x00000000ea500000, 0x00000000ea600000, 0x00000000ea600000|100%| E|CS|TAMS 0x00000000ea500000| PB 0x00000000ea500000| Complete |  0
| 166|0x00000000ea600000, 0x00000000ea700000, 0x00000000ea700000|100%| E|CS|TAMS 0x00000000ea600000| PB 0x00000000ea600000| Complete |  0
| 167|0x00000000ea700000, 0x00000000ea800000, 0x00000000ea800000|100%| E|CS|TAMS 0x00000000ea700000| PB 0x00000000ea700000| Complete |  0
| 168|0x00000000ea800000, 0x00000000ea900000, 0x00000000ea900000|100%| E|CS|TAMS 0x00000000ea800000| PB 0x00000000ea800000| Complete |  0
| 169|0x00000000ea900000, 0x00000000eaa00000, 0x00000000eaa00000|100%| E|CS|TAMS 0x00000000ea900000| PB 0x00000000ea900000| Complete |  0
| 170|0x00000000eaa00000, 0x00000000eab00000, 0x00000000eab00000|100%| E|CS|TAMS 0x00000000eaa00000| PB 0x00000000eaa00000| Complete |  0
| 171|0x00000000eab00000, 0x00000000eac00000, 0x00000000eac00000|100%| E|CS|TAMS 0x00000000eab00000| PB 0x00000000eab00000| Complete |  0
| 172|0x00000000eac00000, 0x00000000ead00000, 0x00000000ead00000|100%| E|CS|TAMS 0x00000000eac00000| PB 0x00000000eac00000| Complete |  0
| 173|0x00000000ead00000, 0x00000000eae00000, 0x00000000eae00000|100%| E|CS|TAMS 0x00000000ead00000| PB 0x00000000ead00000| Complete |  0
| 174|0x00000000eae00000, 0x00000000eaf00000, 0x00000000eaf00000|100%| E|CS|TAMS 0x00000000eae00000| PB 0x00000000eae00000| Complete |  0
| 175|0x00000000eaf00000, 0x00000000eb000000, 0x00000000eb000000|100%| E|CS|TAMS 0x00000000eaf00000| PB 0x00000000eaf00000| Complete |  0
| 176|0x00000000eb000000, 0x00000000eb100000, 0x00000000eb100000|100%| E|CS|TAMS 0x00000000eb000000| PB 0x00000000eb000000| Complete |  0
| 177|0x00000000eb100000, 0x00000000eb200000, 0x00000000eb200000|100%| E|CS|TAMS 0x00000000eb100000| PB 0x00000000eb100000| Complete |  0
| 178|0x00000000eb200000, 0x00000000eb300000, 0x00000000eb300000|100%| E|CS|TAMS 0x00000000eb200000| PB 0x00000000eb200000| Complete |  0
| 179|0x00000000eb300000, 0x00000000eb400000, 0x00000000eb400000|100%| E|CS|TAMS 0x00000000eb300000| PB 0x00000000eb300000| Complete |  0
| 180|0x00000000eb400000, 0x00000000eb500000, 0x00000000eb500000|100%| E|CS|TAMS 0x00000000eb400000| PB 0x00000000eb400000| Complete |  0
| 181|0x00000000eb500000, 0x00000000eb600000, 0x00000000eb600000|100%| E|CS|TAMS 0x00000000eb500000| PB 0x00000000eb500000| Complete |  0
| 182|0x00000000eb600000, 0x00000000eb700000, 0x00000000eb700000|100%| E|CS|TAMS 0x00000000eb600000| PB 0x00000000eb600000| Complete |  0
| 183|0x00000000eb700000, 0x00000000eb800000, 0x00000000eb800000|100%| E|CS|TAMS 0x00000000eb700000| PB 0x00000000eb700000| Complete |  0
| 184|0x00000000eb800000, 0x00000000eb900000, 0x00000000eb900000|100%| E|CS|TAMS 0x00000000eb800000| PB 0x00000000eb800000| Complete |  0
| 185|0x00000000eb900000, 0x00000000eba00000, 0x00000000eba00000|100%| E|CS|TAMS 0x00000000eb900000| PB 0x00000000eb900000| Complete |  0
| 186|0x00000000eba00000, 0x00000000ebb00000, 0x00000000ebb00000|100%| E|CS|TAMS 0x00000000eba00000| PB 0x00000000eba00000| Complete |  0
| 187|0x00000000ebb00000, 0x00000000ebc00000, 0x00000000ebc00000|100%| E|CS|TAMS 0x00000000ebb00000| PB 0x00000000ebb00000| Complete |  0
| 188|0x00000000ebc00000, 0x00000000ebd00000, 0x00000000ebd00000|100%| E|CS|TAMS 0x00000000ebc00000| PB 0x00000000ebc00000| Complete |  0
| 189|0x00000000ebd00000, 0x00000000ebe00000, 0x00000000ebe00000|100%| E|CS|TAMS 0x00000000ebd00000| PB 0x00000000ebd00000| Complete |  0
| 190|0x00000000ebe00000, 0x00000000ebf00000, 0x00000000ebf00000|100%| E|CS|TAMS 0x00000000ebe00000| PB 0x00000000ebe00000| Complete |  0
| 191|0x00000000ebf00000, 0x00000000ec000000, 0x00000000ec000000|100%| E|CS|TAMS 0x00000000ebf00000| PB 0x00000000ebf00000| Complete |  0
| 192|0x00000000ec000000, 0x00000000ec100000, 0x00000000ec100000|100%| E|CS|TAMS 0x00000000ec000000| PB 0x00000000ec000000| Complete |  0
| 193|0x00000000ec100000, 0x00000000ec200000, 0x00000000ec200000|100%| E|CS|TAMS 0x00000000ec100000| PB 0x00000000ec100000| Complete |  0
| 194|0x00000000ec200000, 0x00000000ec300000, 0x00000000ec300000|100%| E|CS|TAMS 0x00000000ec200000| PB 0x00000000ec200000| Complete |  0
| 195|0x00000000ec300000, 0x00000000ec400000, 0x00000000ec400000|100%| E|CS|TAMS 0x00000000ec300000| PB 0x00000000ec300000| Complete |  0
| 196|0x00000000ec400000, 0x00000000ec500000, 0x00000000ec500000|100%| E|CS|TAMS 0x00000000ec400000| PB 0x00000000ec400000| Complete |  0
| 197|0x00000000ec500000, 0x00000000ec600000, 0x00000000ec600000|100%| E|CS|TAMS 0x00000000ec500000| PB 0x00000000ec500000| Complete |  0
| 198|0x00000000ec600000, 0x00000000ec700000, 0x00000000ec700000|100%| E|CS|TAMS 0x00000000ec600000| PB 0x00000000ec600000| Complete |  0
| 199|0x00000000ec700000, 0x00000000ec800000, 0x00000000ec800000|100%| E|CS|TAMS 0x00000000ec700000| PB 0x00000000ec700000| Complete |  0
| 200|0x00000000ec800000, 0x00000000ec900000, 0x00000000ec900000|100%| E|CS|TAMS 0x00000000ec800000| PB 0x00000000ec800000| Complete |  0
| 201|0x00000000ec900000, 0x00000000eca00000, 0x00000000eca00000|100%| E|CS|TAMS 0x00000000ec900000| PB 0x00000000ec900000| Complete |  0
| 202|0x00000000eca00000, 0x00000000ecb00000, 0x00000000ecb00000|100%| E|CS|TAMS 0x00000000eca00000| PB 0x00000000eca00000| Complete |  0
| 203|0x00000000ecb00000, 0x00000000ecc00000, 0x00000000ecc00000|100%| E|CS|TAMS 0x00000000ecb00000| PB 0x00000000ecb00000| Complete |  0
| 204|0x00000000ecc00000, 0x00000000ecd00000, 0x00000000ecd00000|100%| E|CS|TAMS 0x00000000ecc00000| PB 0x00000000ecc00000| Complete |  0
| 205|0x00000000ecd00000, 0x00000000ece00000, 0x00000000ece00000|100%| E|CS|TAMS 0x00000000ecd00000| PB 0x00000000ecd00000| Complete |  0
| 206|0x00000000ece00000, 0x00000000ecf00000, 0x00000000ecf00000|100%| E|CS|TAMS 0x00000000ece00000| PB 0x00000000ece00000| Complete |  0
| 207|0x00000000ecf00000, 0x00000000ed000000, 0x00000000ed000000|100%| E|CS|TAMS 0x00000000ecf00000| PB 0x00000000ecf00000| Complete |  0
| 208|0x00000000ed000000, 0x00000000ed100000, 0x00000000ed100000|100%| E|CS|TAMS 0x00000000ed000000| PB 0x00000000ed000000| Complete |  0
| 209|0x00000000ed100000, 0x00000000ed200000, 0x00000000ed200000|100%| E|CS|TAMS 0x00000000ed100000| PB 0x00000000ed100000| Complete |  0
| 210|0x00000000ed200000, 0x00000000ed300000, 0x00000000ed300000|100%| E|CS|TAMS 0x00000000ed200000| PB 0x00000000ed200000| Complete |  0
| 211|0x00000000ed300000, 0x00000000ed400000, 0x00000000ed400000|100%| E|CS|TAMS 0x00000000ed300000| PB 0x00000000ed300000| Complete |  0
| 212|0x00000000ed400000, 0x00000000ed500000, 0x00000000ed500000|100%| E|CS|TAMS 0x00000000ed400000| PB 0x00000000ed400000| Complete |  0
| 213|0x00000000ed500000, 0x00000000ed600000, 0x00000000ed600000|100%| E|CS|TAMS 0x00000000ed500000| PB 0x00000000ed500000| Complete |  0
| 214|0x00000000ed600000, 0x00000000ed700000, 0x00000000ed700000|100%| E|CS|TAMS 0x00000000ed600000| PB 0x00000000ed600000| Complete |  0
| 215|0x00000000ed700000, 0x00000000ed800000, 0x00000000ed800000|100%| E|CS|TAMS 0x00000000ed700000| PB 0x00000000ed700000| Complete |  0
| 216|0x00000000ed800000, 0x00000000ed900000, 0x00000000ed900000|100%| E|CS|TAMS 0x00000000ed800000| PB 0x00000000ed800000| Complete |  0
| 217|0x00000000ed900000, 0x00000000eda00000, 0x00000000eda00000|100%| E|CS|TAMS 0x00000000ed900000| PB 0x00000000ed900000| Complete |  0
| 218|0x00000000eda00000, 0x00000000edb00000, 0x00000000edb00000|100%| E|CS|TAMS 0x00000000eda00000| PB 0x00000000eda00000| Complete |  0
| 219|0x00000000edb00000, 0x00000000edc00000, 0x00000000edc00000|100%| E|CS|TAMS 0x00000000edb00000| PB 0x00000000edb00000| Complete |  0
| 220|0x00000000edc00000, 0x00000000edd00000, 0x00000000edd00000|100%| E|CS|TAMS 0x00000000edc00000| PB 0x00000000edc00000| Complete |  0
| 221|0x00000000edd00000, 0x00000000ede00000, 0x00000000ede00000|100%| E|CS|TAMS 0x00000000edd00000| PB 0x00000000edd00000| Complete |  0
| 222|0x00000000ede00000, 0x00000000edf00000, 0x00000000edf00000|100%| E|CS|TAMS 0x00000000ede00000| PB 0x00000000ede00000| Complete |  0
| 223|0x00000000edf00000, 0x00000000ee000000, 0x00000000ee000000|100%| E|CS|TAMS 0x00000000edf00000| PB 0x00000000edf00000| Complete |  0
| 224|0x00000000ee000000, 0x00000000ee100000, 0x00000000ee100000|100%| E|CS|TAMS 0x00000000ee000000| PB 0x00000000ee000000| Complete |  0
| 225|0x00000000ee100000, 0x00000000ee200000, 0x00000000ee200000|100%| E|CS|TAMS 0x00000000ee100000| PB 0x00000000ee100000| Complete |  0
| 226|0x00000000ee200000, 0x00000000ee300000, 0x00000000ee300000|100%| E|CS|TAMS 0x00000000ee200000| PB 0x00000000ee200000| Complete |  0
| 227|0x00000000ee300000, 0x00000000ee400000, 0x00000000ee400000|100%| E|CS|TAMS 0x00000000ee300000| PB 0x00000000ee300000| Complete |  0
| 228|0x00000000ee400000, 0x00000000ee500000, 0x00000000ee500000|100%| E|CS|TAMS 0x00000000ee400000| PB 0x00000000ee400000| Complete |  0
| 229|0x00000000ee500000, 0x00000000ee600000, 0x00000000ee600000|100%| E|CS|TAMS 0x00000000ee500000| PB 0x00000000ee500000| Complete |  0
| 230|0x00000000ee600000, 0x00000000ee700000, 0x00000000ee700000|100%| E|CS|TAMS 0x00000000ee600000| PB 0x00000000ee600000| Complete |  0
| 231|0x00000000ee700000, 0x00000000ee800000, 0x00000000ee800000|100%| E|CS|TAMS 0x00000000ee700000| PB 0x00000000ee700000| Complete |  0
| 232|0x00000000ee800000, 0x00000000ee900000, 0x00000000ee900000|100%| E|CS|TAMS 0x00000000ee800000| PB 0x00000000ee800000| Complete |  0
| 233|0x00000000ee900000, 0x00000000eea00000, 0x00000000eea00000|100%| E|CS|TAMS 0x00000000ee900000| PB 0x00000000ee900000| Complete |  0
| 234|0x00000000eea00000, 0x00000000eeb00000, 0x00000000eeb00000|100%| E|CS|TAMS 0x00000000eea00000| PB 0x00000000eea00000| Complete |  0
| 235|0x00000000eeb00000, 0x00000000eec00000, 0x00000000eec00000|100%| E|CS|TAMS 0x00000000eeb00000| PB 0x00000000eeb00000| Complete |  0
| 236|0x00000000eec00000, 0x00000000eed00000, 0x00000000eed00000|100%| E|CS|TAMS 0x00000000eec00000| PB 0x00000000eec00000| Complete |  0
| 237|0x00000000eed00000, 0x00000000eee00000, 0x00000000eee00000|100%| E|CS|TAMS 0x00000000eed00000| PB 0x00000000eed00000| Complete |  0
| 238|0x00000000eee00000, 0x00000000eef00000, 0x00000000eef00000|100%| E|CS|TAMS 0x00000000eee00000| PB 0x00000000eee00000| Complete |  0
| 239|0x00000000eef00000, 0x00000000ef000000, 0x00000000ef000000|100%| E|CS|TAMS 0x00000000eef00000| PB 0x00000000eef00000| Complete |  0
| 240|0x00000000ef000000, 0x00000000ef100000, 0x00000000ef100000|100%| E|CS|TAMS 0x00000000ef000000| PB 0x00000000ef000000| Complete |  0
| 241|0x00000000ef100000, 0x00000000ef200000, 0x00000000ef200000|100%| E|CS|TAMS 0x00000000ef100000| PB 0x00000000ef100000| Complete |  0
| 242|0x00000000ef200000, 0x00000000ef300000, 0x00000000ef300000|100%| E|CS|TAMS 0x00000000ef200000| PB 0x00000000ef200000| Complete |  0
| 243|0x00000000ef300000, 0x00000000ef400000, 0x00000000ef400000|100%| E|CS|TAMS 0x00000000ef300000| PB 0x00000000ef300000| Complete |  0
| 244|0x00000000ef400000, 0x00000000ef500000, 0x00000000ef500000|100%| E|CS|TAMS 0x00000000ef400000| PB 0x00000000ef400000| Complete |  0
| 245|0x00000000ef500000, 0x00000000ef600000, 0x00000000ef600000|100%| E|CS|TAMS 0x00000000ef500000| PB 0x00000000ef500000| Complete |  0
| 246|0x00000000ef600000, 0x00000000ef700000, 0x00000000ef700000|100%| E|CS|TAMS 0x00000000ef600000| PB 0x00000000ef600000| Complete |  0
| 247|0x00000000ef700000, 0x00000000ef800000, 0x00000000ef800000|100%| E|CS|TAMS 0x00000000ef700000| PB 0x00000000ef700000| Complete |  0
| 248|0x00000000ef800000, 0x00000000ef900000, 0x00000000ef900000|100%| E|CS|TAMS 0x00000000ef800000| PB 0x00000000ef800000| Complete |  0
| 249|0x00000000ef900000, 0x00000000efa00000, 0x00000000efa00000|100%| E|CS|TAMS 0x00000000ef900000| PB 0x00000000ef900000| Complete |  0
| 250|0x00000000efa00000, 0x00000000efb00000, 0x00000000efb00000|100%| E|CS|TAMS 0x00000000efa00000| PB 0x00000000efa00000| Complete |  0
| 251|0x00000000efb00000, 0x00000000efc00000, 0x00000000efc00000|100%| E|CS|TAMS 0x00000000efb00000| PB 0x00000000efb00000| Complete |  0
| 252|0x00000000efc00000, 0x00000000efd00000, 0x00000000efd00000|100%| E|CS|TAMS 0x00000000efc00000| PB 0x00000000efc00000| Complete |  0
| 253|0x00000000efd00000, 0x00000000efe00000, 0x00000000efe00000|100%| E|CS|TAMS 0x00000000efd00000| PB 0x00000000efd00000| Complete |  0
| 254|0x00000000efe00000, 0x00000000eff00000, 0x00000000eff00000|100%| E|CS|TAMS 0x00000000efe00000| PB 0x00000000efe00000| Complete |  0
| 255|0x00000000eff00000, 0x00000000f0000000, 0x00000000f0000000|100%| E|CS|TAMS 0x00000000eff00000| PB 0x00000000eff00000| Complete |  0

Card table byte_map: [0x0000019b73010000,0x0000019b73110000] _byte_map_base: 0x0000019b72910000

Marking Bits: (CMBitMap*) 0x0000019b59b8ac40
 Bits: [0x0000019b73110000, 0x0000019b73910000)

Polling page: 0x0000019b598a0000

Metaspace:

Usage:
  Non-class:     55.53 MB used.
      Class:      9.49 MB used.
       Both:     65.02 MB used.

Virtual space:
  Non-class space:       64.00 MB reserved,      56.81 MB ( 89%) committed,  1 nodes.
      Class space:      320.00 MB reserved,      10.69 MB (  3%) committed,  1 nodes.
             Both:      384.00 MB reserved,      67.50 MB ( 18%) committed. 

Chunk freelists:
   Non-Class:  6.98 MB
       Class:  5.26 MB
        Both:  12.24 MB

MaxMetaspaceSize: 384.00 MB
CompressedClassSpaceSize: 320.00 MB
Initial GC threshold: 21.00 MB
Current GC threshold: 98.75 MB
CDS: on
 - commit_granule_bytes: 65536.
 - commit_granule_words: 8192.
 - virtual_space_node_default_size: 8388608.
 - enlarge_chunks_in_place: 1.
 - use_allocation_guard: 0.


Internal statistics:

num_allocs_failed_limit: 9.
num_arena_births: 4358.
num_arena_deaths: 0.
num_vsnodes_births: 2.
num_vsnodes_deaths: 0.
num_space_committed: 1080.
num_space_uncommitted: 0.
num_chunks_returned_to_freelist: 9.
num_chunks_taken_from_freelist: 7718.
num_chunk_merges: 6.
num_chunk_splits: 4924.
num_chunks_enlarged: 2965.
num_inconsistent_stats: 0.

CodeHeap 'non-profiled nmethods': size=120000Kb used=8319Kb max_used=8319Kb free=111680Kb
 bounds [0x0000019b6af80000, 0x0000019b6b7a0000, 0x0000019b724b0000]
CodeHeap 'profiled nmethods': size=120000Kb used=26491Kb max_used=26491Kb free=93508Kb
 bounds [0x0000019b634b0000, 0x0000019b64e90000, 0x0000019b6a9e0000]
CodeHeap 'non-nmethods': size=5760Kb used=2285Kb max_used=2341Kb free=3474Kb
 bounds [0x0000019b6a9e0000, 0x0000019b6ac50000, 0x0000019b6af80000]
 total_blobs=13909 nmethods=13113 adapters=700
 compilation: enabled
              stopped_count=0, restarted_count=0
 full_count=0

Compilation events (20 events):
Event: 38.948 Thread 0x0000019b1503abe0 nmethod 13702 0x0000019b64e67010 code [0x0000019b64e671e0, 0x0000019b64e675c0]
Event: 38.948 Thread 0x0000019b1503abe0 13703       3       io.spring.gradle.dependencymanagement.org.apache.maven.model.merge.ModelMerger::mergeModel_InceptionYear (43 bytes)
Event: 38.948 Thread 0x0000019b1503abe0 nmethod 13703 0x0000019b64e67710 code [0x0000019b64e678e0, 0x0000019b64e67cd0]
Event: 38.949 Thread 0x0000019b1503abe0 13704       3       io.spring.gradle.dependencymanagement.org.apache.maven.model.merge.ModelMerger::mergeModel_Scm (55 bytes)
Event: 38.949 Thread 0x0000019b1503abe0 nmethod 13704 0x0000019b64e67e10 code [0x0000019b64e67fe0, 0x0000019b64e684b0]
Event: 38.949 Thread 0x0000019b1503abe0 13705       3       io.spring.gradle.dependencymanagement.org.apache.maven.model.merge.ModelMerger::mergeModel_Build (49 bytes)
Event: 38.949 Thread 0x0000019b1503abe0 nmethod 13705 0x0000019b64e68690 code [0x0000019b64e68880, 0x0000019b64e68db8]
Event: 38.949 Thread 0x0000019b1503abe0 13695       3       io.spring.gradle.dependencymanagement.org.apache.maven.model.building.ModelCacheTag$1::intoCache (44 bytes)
Event: 38.949 Thread 0x0000019b1503abe0 nmethod 13695 0x0000019b64e68f90 code [0x0000019b64e691a0, 0x0000019b64e69960]
Event: 38.949 Thread 0x0000019b1503abe0 13706   !   3       sun.net.www.protocol.jar.JarFileFactory::getOrCreate (91 bytes)
Event: 38.950 Thread 0x0000019b1503abe0 nmethod 13706 0x0000019b64e69b90 code [0x0000019b64e69de0, 0x0000019b64e6a518]
Event: 38.950 Thread 0x0000019b1503abe0 13707       3       io.spring.gradle.dependencymanagement.org.apache.maven.model.io.xpp3.MavenXpp3ReaderEx::parseRepository (482 bytes)
Event: 38.952 Thread 0x0000019b1503abe0 nmethod 13707 0x0000019b64e6a810 code [0x0000019b64e6ae00, 0x0000019b64e6e160]
Event: 38.952 Thread 0x0000019b1503abe0 13708       3       java.lang.invoke.LambdaForm$MH/0x0000019b01a32800::invoke (42 bytes)
Event: 38.953 Thread 0x0000019b15037c10 13710       4       java.nio.CharBuffer::<init> (24 bytes)
Event: 38.953 Thread 0x0000019b1503abe0 nmethod 13708 0x0000019b64e6f210 code [0x0000019b64e6f4a0, 0x0000019b64e70280]
Event: 38.953 Thread 0x0000019b1503abe0 13711       3       io.spring.gradle.dependencymanagement.org.apache.maven.model.io.xpp3.MavenXpp3Reader::parseReportPlugin (373 bytes)
Event: 38.956 Thread 0x0000019b1503abe0 nmethod 13711 0x0000019b64e70690 code [0x0000019b64e70c20, 0x0000019b64e733e0]
Event: 38.956 Thread 0x0000019b1503abe0 13709       3       java.lang.invoke.LambdaForm$MH/0x0000019b01a32c00::invoke (42 bytes)
Event: 38.959 Thread 0x0000019b1d93cc60 13719       4       java.nio.CharBuffer::limit (6 bytes)

GC Heap History (20 events):
Event: 1.135 GC heap before
{Heap before GC invocations=0 (full 0):
 garbage-first heap   total reserved 524288K, committed 262144K, used 28672K [0x00000000e0000000, 0x0000000100000000)
  region size 1024K, 24 young (24576K), 0 survivors (0K)
 Metaspace       used 3316K, committed 3520K, reserved 393216K
  class space    used 421K, committed 512K, reserved 327680K
}
Event: 1.141 GC heap after
{Heap after GC invocations=1 (full 0):
 garbage-first heap   total reserved 524288K, committed 262144K, used 10846K [0x00000000e0000000, 0x0000000100000000)
  region size 1024K, 3 young (3072K), 3 survivors (3072K)
 Metaspace       used 3316K, committed 3520K, reserved 393216K
  class space    used 421K, committed 512K, reserved 327680K
}
Event: 1.641 GC heap before
{Heap before GC invocations=1 (full 0):
 garbage-first heap   total reserved 524288K, committed 262144K, used 41566K [0x00000000e0000000, 0x0000000100000000)
  region size 1024K, 32 young (32768K), 3 survivors (3072K)
 Metaspace       used 4592K, committed 4800K, reserved 393216K
  class space    used 584K, committed 704K, reserved 327680K
}
Event: 1.647 GC heap after
{Heap after GC invocations=2 (full 0):
 garbage-first heap   total reserved 524288K, committed 262144K, used 16421K [0x00000000e0000000, 0x0000000100000000)
  region size 1024K, 4 young (4096K), 4 survivors (4096K)
 Metaspace       used 4592K, committed 4800K, reserved 393216K
  class space    used 584K, committed 704K, reserved 327680K
}
Event: 4.215 GC heap before
{Heap before GC invocations=2 (full 0):
 garbage-first heap   total reserved 524288K, committed 262144K, used 110629K [0x00000000e0000000, 0x0000000100000000)
  region size 1024K, 96 young (98304K), 4 survivors (4096K)
 Metaspace       used 19446K, committed 20096K, reserved 393216K
  class space    used 2795K, committed 3072K, reserved 327680K
}
Event: 4.236 GC heap after
{Heap after GC invocations=3 (full 0):
 garbage-first heap   total reserved 524288K, committed 262144K, used 23453K [0x00000000e0000000, 0x0000000100000000)
  region size 1024K, 11 young (11264K), 11 survivors (11264K)
 Metaspace       used 19446K, committed 20096K, reserved 393216K
  class space    used 2795K, committed 3072K, reserved 327680K
}
Event: 4.343 GC heap before
{Heap before GC invocations=3 (full 0):
 garbage-first heap   total reserved 524288K, committed 262144K, used 31645K [0x00000000e0000000, 0x0000000100000000)
  region size 1024K, 19 young (19456K), 11 survivors (11264K)
 Metaspace       used 20854K, committed 21504K, reserved 393216K
  class space    used 2896K, committed 3200K, reserved 327680K
}
Event: 4.348 GC heap after
{Heap after GC invocations=4 (full 0):
 garbage-first heap   total reserved 524288K, committed 262144K, used 25136K [0x00000000e0000000, 0x0000000100000000)
  region size 1024K, 8 young (8192K), 8 survivors (8192K)
 Metaspace       used 20854K, committed 21504K, reserved 393216K
  class space    used 2896K, committed 3200K, reserved 327680K
}
Event: 6.365 GC heap before
{Heap before GC invocations=5 (full 0):
 garbage-first heap   total reserved 524288K, committed 262144K, used 130608K [0x00000000e0000000, 0x0000000100000000)
  region size 1024K, 113 young (115712K), 8 survivors (8192K)
 Metaspace       used 34727K, committed 36096K, reserved 393216K
  class space    used 5119K, committed 5760K, reserved 327680K
}
Event: 6.381 GC heap after
{Heap after GC invocations=6 (full 0):
 garbage-first heap   total reserved 524288K, committed 262144K, used 30750K [0x00000000e0000000, 0x0000000100000000)
  region size 1024K, 14 young (14336K), 14 survivors (14336K)
 Metaspace       used 34727K, committed 36096K, reserved 393216K
  class space    used 5119K, committed 5760K, reserved 327680K
}
Event: 9.355 GC heap before
{Heap before GC invocations=7 (full 0):
 garbage-first heap   total reserved 524288K, committed 262144K, used 175134K [0x00000000e0000000, 0x0000000100000000)
  region size 1024K, 153 young (156672K), 14 survivors (14336K)
 Metaspace       used 48329K, committed 50368K, reserved 393216K
  class space    used 7222K, committed 8192K, reserved 327680K
}
Event: 9.377 GC heap after
{Heap after GC invocations=8 (full 0):
 garbage-first heap   total reserved 524288K, committed 262144K, used 45721K [0x00000000e0000000, 0x0000000100000000)
  region size 1024K, 20 young (20480K), 20 survivors (20480K)
 Metaspace       used 48329K, committed 50368K, reserved 393216K
  class space    used 7222K, committed 8192K, reserved 327680K
}
Event: 11.742 GC heap before
{Heap before GC invocations=8 (full 0):
 garbage-first heap   total reserved 524288K, committed 262144K, used 180889K [0x00000000e0000000, 0x0000000100000000)
  region size 1024K, 153 young (156672K), 20 survivors (20480K)
 Metaspace       used 57330K, committed 59584K, reserved 393216K
  class space    used 8559K, committed 9664K, reserved 327680K
}
Event: 11.763 GC heap after
{Heap after GC invocations=9 (full 0):
 garbage-first heap   total reserved 524288K, committed 262144K, used 58155K [0x00000000e0000000, 0x0000000100000000)
  region size 1024K, 13 young (13312K), 13 survivors (13312K)
 Metaspace       used 57330K, committed 59584K, reserved 393216K
  class space    used 8559K, committed 9664K, reserved 327680K
}
Event: 12.218 GC heap before
{Heap before GC invocations=9 (full 0):
 garbage-first heap   total reserved 524288K, committed 262144K, used 88875K [0x00000000e0000000, 0x0000000100000000)
  region size 1024K, 44 young (45056K), 13 survivors (13312K)
 Metaspace       used 58396K, committed 60608K, reserved 393216K
  class space    used 8728K, committed 9792K, reserved 327680K
}
Event: 12.228 GC heap after
{Heap after GC invocations=10 (full 0):
 garbage-first heap   total reserved 524288K, committed 262144K, used 61180K [0x00000000e0000000, 0x0000000100000000)
  region size 1024K, 4 young (4096K), 4 survivors (4096K)
 Metaspace       used 58396K, committed 60608K, reserved 393216K
  class space    used 8728K, committed 9792K, reserved 327680K
}
Event: 19.197 GC heap before
{Heap before GC invocations=11 (full 0):
 garbage-first heap   total reserved 524288K, committed 262144K, used 213756K [0x00000000e0000000, 0x0000000100000000)
  region size 1024K, 153 young (156672K), 4 survivors (4096K)
 Metaspace       used 62875K, committed 65280K, reserved 393216K
  class space    used 9228K, committed 10368K, reserved 327680K
}
Event: 19.230 GC heap after
{Heap after GC invocations=12 (full 0):
 garbage-first heap   total reserved 524288K, committed 262144K, used 76810K [0x00000000e0000000, 0x0000000100000000)
  region size 1024K, 20 young (20480K), 20 survivors (20480K)
 Metaspace       used 62875K, committed 65280K, reserved 393216K
  class space    used 9228K, committed 10368K, reserved 327680K
}
Event: 22.255 GC heap before
{Heap before GC invocations=12 (full 0):
 garbage-first heap   total reserved 524288K, committed 262144K, used 213002K [0x00000000e0000000, 0x0000000100000000)
  region size 1024K, 153 young (156672K), 20 survivors (20480K)
 Metaspace       used 64996K, committed 67520K, reserved 393216K
  class space    used 9526K, committed 10752K, reserved 327680K
}
Event: 22.289 GC heap after
{Heap after GC invocations=13 (full 0):
 garbage-first heap   total reserved 524288K, committed 262144K, used 77246K [0x00000000e0000000, 0x0000000100000000)
  region size 1024K, 6 young (6144K), 6 survivors (6144K)
 Metaspace       used 64996K, committed 67520K, reserved 393216K
  class space    used 9526K, committed 10752K, reserved 327680K
}

Dll operation events (15 events):
Event: 0.015 Loaded shared library C:\Program Files\Java\jdk-22\bin\java.dll
Event: 0.058 Loaded shared library C:\Program Files\Java\jdk-22\bin\jsvml.dll
Event: 0.138 Loaded shared library C:\Program Files\Java\jdk-22\bin\zip.dll
Event: 0.143 Loaded shared library C:\Program Files\Java\jdk-22\bin\instrument.dll
Event: 0.147 Loaded shared library C:\Program Files\Java\jdk-22\bin\net.dll
Event: 0.151 Loaded shared library C:\Program Files\Java\jdk-22\bin\nio.dll
Event: 0.155 Loaded shared library C:\Program Files\Java\jdk-22\bin\zip.dll
Event: 0.384 Loaded shared library C:\Program Files\Java\jdk-22\bin\jimage.dll
Event: 0.777 Loaded shared library C:\Program Files\Java\jdk-22\bin\verify.dll
Event: 0.866 Loaded shared library C:\Users\Trung\.gradle\native\660c5614fbf4a5f2a75b1949f50a0caf5cd603558e7d8a26e50b933a0cfb79d1\windows-amd64\native-platform.dll
Event: 0.892 Loaded shared library C:\Users\Trung\.gradle\native\0.2.8\x86_64-windows-gnu\gradle-fileevents.dll
Event: 2.222 Loaded shared library C:\Program Files\Java\jdk-22\bin\management.dll
Event: 2.225 Loaded shared library C:\Program Files\Java\jdk-22\bin\management_ext.dll
Event: 2.458 Loaded shared library C:\Program Files\Java\jdk-22\bin\extnet.dll
Event: 2.787 Loaded shared library C:\Program Files\Java\jdk-22\bin\sunmscapi.dll

Deoptimization events (20 events):
Event: 37.534 Thread 0x0000019b1b7989c0 Uncommon trap: trap_request=0xffffffbe fr.pc=0x0000019b6b6aa3e0 relative=0x0000000000001320
Event: 37.534 Thread 0x0000019b1b7989c0 Uncommon trap: reason=profile_predicate action=maybe_recompile pc=0x0000019b6b6aa3e0 method=org.gradle.internal.component.external.model.maven.DefaultMavenModuleResolveMetadata.filterDependencies(Lorg/gradle/internal/component/external/model/DefaultConfig
Event: 37.534 Thread 0x0000019b1b7989c0 DEOPT PACKING pc=0x0000019b6b6aa3e0 sp=0x0000009ad2cf7c80
Event: 37.534 Thread 0x0000019b1b7989c0 DEOPT UNPACKING pc=0x0000019b6aa37da2 sp=0x0000009ad2cf7c60 mode 2
Event: 37.601 Thread 0x0000019b1b7989c0 Uncommon trap: trap_request=0xffffffbe fr.pc=0x0000019b6b6aa3e0 relative=0x0000000000001320
Event: 37.601 Thread 0x0000019b1b7989c0 Uncommon trap: reason=profile_predicate action=maybe_recompile pc=0x0000019b6b6aa3e0 method=org.gradle.internal.component.external.model.maven.DefaultMavenModuleResolveMetadata.filterDependencies(Lorg/gradle/internal/component/external/model/DefaultConfig
Event: 37.601 Thread 0x0000019b1b7989c0 DEOPT PACKING pc=0x0000019b6b6aa3e0 sp=0x0000009ad2cf7c80
Event: 37.601 Thread 0x0000019b1b7989c0 DEOPT UNPACKING pc=0x0000019b6aa37da2 sp=0x0000009ad2cf7c60 mode 2
Event: 37.612 Thread 0x0000019b1b7989c0 Uncommon trap: trap_request=0xffffffbe fr.pc=0x0000019b6b784150 relative=0x0000000000001930
Event: 37.612 Thread 0x0000019b1b7989c0 Uncommon trap: reason=profile_predicate action=maybe_recompile pc=0x0000019b6b784150 method=org.gradle.internal.component.external.model.maven.DefaultMavenModuleResolveMetadata.filterDependencies(Lorg/gradle/internal/component/external/model/DefaultConfig
Event: 37.612 Thread 0x0000019b1b7989c0 DEOPT PACKING pc=0x0000019b6b784150 sp=0x0000009ad2cf7c80
Event: 37.614 Thread 0x0000019b1b7989c0 DEOPT UNPACKING pc=0x0000019b6aa37da2 sp=0x0000009ad2cf7c50 mode 2
Event: 37.623 Thread 0x0000019b1b7989c0 Uncommon trap: trap_request=0xffffffbe fr.pc=0x0000019b6b784150 relative=0x0000000000001930
Event: 37.624 Thread 0x0000019b1b7989c0 Uncommon trap: reason=profile_predicate action=maybe_recompile pc=0x0000019b6b784150 method=org.gradle.internal.component.external.model.maven.DefaultMavenModuleResolveMetadata.filterDependencies(Lorg/gradle/internal/component/external/model/DefaultConfig
Event: 37.624 Thread 0x0000019b1b7989c0 DEOPT PACKING pc=0x0000019b6b784150 sp=0x0000009ad2cf7c80
Event: 37.624 Thread 0x0000019b1b7989c0 DEOPT UNPACKING pc=0x0000019b6aa37da2 sp=0x0000009ad2cf7c50 mode 2
Event: 37.761 Thread 0x0000019b1b7989c0 Uncommon trap: trap_request=0xffffffde fr.pc=0x0000019b6b514490 relative=0x0000000000001a90
Event: 37.761 Thread 0x0000019b1b7989c0 Uncommon trap: reason=class_check action=maybe_recompile pc=0x0000019b6b514490 method=org.gradle.api.internal.artifacts.ivyservice.resolveengine.result.DesugaredAttributeContainerSerializer.read(Lorg/gradle/internal/serialize/Decoder;)Lorg/gradle/api/inte
Event: 37.761 Thread 0x0000019b1b7989c0 DEOPT PACKING pc=0x0000019b6b514490 sp=0x0000009ad2cf8740
Event: 37.761 Thread 0x0000019b1b7989c0 DEOPT UNPACKING pc=0x0000019b6aa37da2 sp=0x0000009ad2cf8720 mode 2

Classes loaded (20 events):
Event: 21.711 Loading class java/io/ObjectStreamClass$4
Event: 21.711 Loading class java/io/ObjectStreamClass$4 done
Event: 21.711 Loading class java/io/ObjectStreamClass$5
Event: 21.712 Loading class java/io/ObjectStreamClass$5 done
Event: 21.722 Loading class java/io/ObjectStreamClass$ClassDataSlot
Event: 21.722 Loading class java/io/ObjectStreamClass$ClassDataSlot done
Event: 21.733 Loading class java/io/SerialCallbackContext
Event: 21.734 Loading class java/io/SerialCallbackContext done
Event: 21.923 Loading class java/util/concurrent/ConcurrentSkipListMap$KeySet
Event: 21.924 Loading class java/util/concurrent/ConcurrentSkipListMap$KeySet done
Event: 21.924 Loading class java/util/concurrent/ConcurrentSkipListMap$KeyIterator
Event: 21.924 Loading class java/util/concurrent/ConcurrentSkipListMap$KeyIterator done
Event: 22.481 Loading class java/util/concurrent/ConcurrentLinkedQueue$Itr
Event: 22.482 Loading class java/util/concurrent/ConcurrentLinkedQueue$Itr done
Event: 22.635 Loading class java/time/Instant$1
Event: 22.635 Loading class java/time/Instant$1 done
Event: 22.691 Loading class java/util/concurrent/CompletableFuture$AsyncRun
Event: 22.692 Loading class java/util/concurrent/CompletableFuture$AsyncRun done
Event: 35.532 Loading class jdk/internal/math/FormattedFPDecimal
Event: 35.532 Loading class jdk/internal/math/FormattedFPDecimal done

Classes unloaded (0 events):
No events

Classes redefined (0 events):
No events

Internal exceptions (20 events):
Event: 22.504 Thread 0x0000019b1b7989c0 Exception <a 'java/lang/NoSuchMethodError'{0x00000000efa80d68}: 'void java.lang.invoke.DelegatingMethodHandle$Holder.reinvoke_L(java.lang.Object, java.lang.Object, java.lang.Object, int)'> (0x00000000efa80d68) 
thrown [s\open\src\hotspot\share\interpreter\linkResolver.cpp, line 774]
Event: 22.508 Thread 0x0000019b1b7989c0 Exception <a 'sun/nio/fs/WindowsException'{0x00000000efa9a110}> (0x00000000efa9a110) 
thrown [s\open\src\hotspot\share\prims\jni.cpp, line 520]
Event: 22.580 Thread 0x0000019b1b7989c0 Exception <a 'java/lang/IncompatibleClassChangeError'{0x00000000ef9e5b20}: Found class java.lang.Object, but interface was expected> (0x00000000ef9e5b20) 
thrown [s\open\src\hotspot\share\interpreter\linkResolver.cpp, line 841]
Event: 22.585 Thread 0x0000019b1b7989c0 Exception <a 'java/lang/IncompatibleClassChangeError'{0x00000000ef9e7dd0}: Found class java.lang.Object, but interface was expected> (0x00000000ef9e7dd0) 
thrown [s\open\src\hotspot\share\interpreter\linkResolver.cpp, line 841]
Event: 22.620 Thread 0x0000019b1b7989c0 Exception <a 'java/lang/IncompatibleClassChangeError'{0x00000000ef8d18f8}: Found class java.lang.Object, but interface was expected> (0x00000000ef8d18f8) 
thrown [s\open\src\hotspot\share\interpreter\linkResolver.cpp, line 841]
Event: 35.565 Thread 0x0000019b1b7989c0 Implicit null exception at 0x0000019b6b5fdce9 to 0x0000019b6b5fdd90
Event: 35.941 Thread 0x0000019b1b7989c0 Exception <a 'sun/nio/fs/WindowsException'{0x00000000eeaf4e38}> (0x00000000eeaf4e38) 
thrown [s\open\src\hotspot\share\prims\jni.cpp, line 520]
Event: 35.942 Thread 0x0000019b1b7989c0 Exception <a 'sun/nio/fs/WindowsException'{0x00000000eeaf6318}> (0x00000000eeaf6318) 
thrown [s\open\src\hotspot\share\prims\jni.cpp, line 520]
Event: 35.942 Thread 0x0000019b1b7989c0 Exception <a 'sun/nio/fs/WindowsException'{0x00000000eeaf77e8}> (0x00000000eeaf77e8) 
thrown [s\open\src\hotspot\share\prims\jni.cpp, line 520]
Event: 35.943 Thread 0x0000019b1b7989c0 Exception <a 'sun/nio/fs/WindowsException'{0x00000000eeaf8c98}> (0x00000000eeaf8c98) 
thrown [s\open\src\hotspot\share\prims\jni.cpp, line 520]
Event: 35.980 Thread 0x0000019b1b7989c0 Exception <a 'java/lang/ClassNotFoundException'{0x00000000ee95f630}: settings_abg7ekof9ii2d4e6gtlk4t5cpBeanInfo> (0x00000000ee95f630) 
thrown [s\open\src\hotspot\share\classfile\systemDictionary.cpp, line 313]
Event: 35.981 Thread 0x0000019b1b7989c0 Exception <a 'java/lang/ClassNotFoundException'{0x00000000ee966748}: settings_abg7ekof9ii2d4e6gtlk4t5cpCustomizer> (0x00000000ee966748) 
thrown [s\open\src\hotspot\share\classfile\systemDictionary.cpp, line 313]
Event: 36.082 Thread 0x0000019b1b7989c0 Exception <a 'java/lang/ClassNotFoundException'{0x00000000ee7294e8}: build_bgi51jl3jbpekawc5p0gvdpuwBeanInfo> (0x00000000ee7294e8) 
thrown [s\open\src\hotspot\share\classfile\systemDictionary.cpp, line 313]
Event: 36.082 Thread 0x0000019b1b7989c0 Exception <a 'java/lang/ClassNotFoundException'{0x00000000ee7305d0}: build_bgi51jl3jbpekawc5p0gvdpuwCustomizer> (0x00000000ee7305d0) 
thrown [s\open\src\hotspot\share\classfile\systemDictionary.cpp, line 313]
Event: 36.352 Thread 0x0000019b1b7989c0 Exception <a 'java/lang/NoClassDefFoundError'{0x00000000edd5b968}: org/jetbrains/kotlin/gradle/plugin/KotlinPluginWrapper> (0x00000000edd5b968) 
thrown [s\open\src\hotspot\share\oops\constantPool.cpp, line 872]
Event: 36.352 Thread 0x0000019b1b7989c0 Exception <a 'java/lang/NoClassDefFoundError'{0x00000000edd5e020}: org/graalvm/buildtools/gradle/NativeImagePlugin> (0x00000000edd5e020) 
thrown [s\open\src\hotspot\share\oops\constantPool.cpp, line 872]
Event: 36.352 Thread 0x0000019b1b7989c0 Exception <a 'java/lang/NoClassDefFoundError'{0x00000000edd606c8}: org/cyclonedx/gradle/CyclonedxPlugin> (0x00000000edd606c8) 
thrown [s\open\src\hotspot\share\oops\constantPool.cpp, line 872]
Event: 36.404 Thread 0x0000019b1b7989c0 Exception <a 'java/lang/ClassNotFoundException'{0x00000000edc93ee0}: build_bgi51jl3jbpekawc5p0gvdpuwBeanInfo> (0x00000000edc93ee0) 
thrown [s\open\src\hotspot\share\classfile\systemDictionary.cpp, line 313]
Event: 36.405 Thread 0x0000019b1b7989c0 Exception <a 'java/lang/ClassNotFoundException'{0x00000000edc9af60}: build_bgi51jl3jbpekawc5p0gvdpuwCustomizer> (0x00000000edc9af60) 
thrown [s\open\src\hotspot\share\classfile\systemDictionary.cpp, line 313]
Event: 36.454 Thread 0x0000019b1b7989c0 Implicit null exception at 0x0000019b6b72ba69 to 0x0000019b6b72c274

ZGC Phase Switch (0 events):
No events

VM Operations (20 events):
Event: 22.444 Executing VM operation: HandshakeAllThreads (Deoptimize) done
Event: 22.530 Executing VM operation: HandshakeAllThreads (Deoptimize)
Event: 22.530 Executing VM operation: HandshakeAllThreads (Deoptimize) done
Event: 23.536 Executing VM operation: Cleanup
Event: 23.537 Executing VM operation: Cleanup done
Event: 26.556 Executing VM operation: Cleanup
Event: 26.556 Executing VM operation: Cleanup done
Event: 35.616 Executing VM operation: Cleanup
Event: 35.616 Executing VM operation: Cleanup done
Event: 35.961 Executing VM operation: ICBufferFull
Event: 35.961 Executing VM operation: ICBufferFull done
Event: 36.233 Executing VM operation: ICBufferFull
Event: 36.233 Executing VM operation: ICBufferFull done
Event: 36.525 Executing VM operation: ICBufferFull
Event: 36.525 Executing VM operation: ICBufferFull done
Event: 37.527 Executing VM operation: Cleanup
Event: 37.527 Executing VM operation: Cleanup done
Event: 38.541 Executing VM operation: Cleanup
Event: 38.929 Executing VM operation: Cleanup done
Event: 39.930 Executing VM operation: Cleanup

Events (20 events):
Event: 35.509 Thread 0x0000019b1d573940 Thread added: 0x0000019b1d573940
Event: 35.521 Thread 0x0000019b1d577ae0 Thread added: 0x0000019b1d577ae0
Event: 35.531 Thread 0x0000019b1d576730 Thread added: 0x0000019b1d576730
Event: 35.534 Thread 0x0000019b1d574cf0 Thread added: 0x0000019b1d574cf0
Event: 35.534 Thread 0x0000019b1d575380 Thread added: 0x0000019b1d575380
Event: 35.550 Thread 0x0000019b1d574660 Thread added: 0x0000019b1d574660
Event: 35.553 Thread 0x0000019b1d5760a0 Thread added: 0x0000019b1d5760a0
Event: 35.565 Thread 0x0000019b1d93cc60 Thread added: 0x0000019b1d93cc60
Event: 35.571 Thread 0x0000019b1d577450 Thread added: 0x0000019b1d577450
Event: 35.578 Thread 0x0000019b1d578170 Thread added: 0x0000019b1d578170
Event: 35.582 Thread 0x0000019b1d578e90 Thread added: 0x0000019b1d578e90
Event: 35.698 Thread 0x0000019b1d575a10 Thread added: 0x0000019b1d575a10
Event: 35.699 Thread 0x0000019b1d57a8d0 Thread added: 0x0000019b1d57a8d0
Event: 35.732 Thread 0x0000019b1d579520 Thread added: 0x0000019b1d579520
Event: 35.738 Thread 0x0000019b1d578800 Thread added: 0x0000019b1d578800
Event: 35.739 Thread 0x0000019b1d579bb0 Thread added: 0x0000019b1d579bb0
Event: 35.740 Thread 0x0000019b1d57af60 Thread added: 0x0000019b1d57af60
Event: 35.741 Thread 0x0000019b1d57a240 Thread added: 0x0000019b1d57a240
Event: 35.794 Thread 0x0000019b1c3dd110 Thread added: 0x0000019b1c3dd110
Event: 36.245 Thread 0x0000019b1d93d330 Thread added: 0x0000019b1d93d330


Dynamic libraries:
0x00007ff755120000 - 0x00007ff755130000 	C:\Program Files\Java\jdk-22\bin\java.exe
0x00007ffa42860000 - 0x00007ffa42ac7000 	C:\WINDOWS\SYSTEM32\ntdll.dll
0x00007ffa41340000 - 0x00007ffa41409000 	C:\WINDOWS\System32\KERNEL32.DLL
0x00007ffa3f990000 - 0x00007ffa3fd80000 	C:\WINDOWS\System32\KERNELBASE.dll
0x00007ffa3fe60000 - 0x00007ffa3ffab000 	C:\WINDOWS\System32\ucrtbase.dll
0x00007ffa1a9b0000 - 0x00007ffa1a9cb000 	C:\Program Files\Java\jdk-22\bin\VCRUNTIME140.dll
0x00007ffa20760000 - 0x00007ffa20777000 	C:\Program Files\Java\jdk-22\bin\jli.dll
0x00007ffa40de0000 - 0x00007ffa40e94000 	C:\WINDOWS\System32\ADVAPI32.dll
0x00007ffa42190000 - 0x00007ffa42239000 	C:\WINDOWS\System32\msvcrt.dll
0x00007ffa420b0000 - 0x00007ffa42156000 	C:\WINDOWS\System32\sechost.dll
0x00007ffa41420000 - 0x00007ffa41538000 	C:\WINDOWS\System32\RPCRT4.dll
0x00007ffa27d50000 - 0x00007ffa27fea000 	C:\WINDOWS\WinSxS\amd64_microsoft.windows.common-controls_6595b64144ccf1df_6.0.26100.4768_none_3e0c112ce331287c\COMCTL32.dll
0x00007ffa41790000 - 0x00007ffa41955000 	C:\WINDOWS\System32\USER32.dll
0x00007ffa42240000 - 0x00007ffa4226b000 	C:\WINDOWS\System32\GDI32.dll
0x00007ffa3fd90000 - 0x00007ffa3fdb7000 	C:\WINDOWS\System32\win32u.dll
0x00007ffa402a0000 - 0x00007ffa403d8000 	C:\WINDOWS\System32\gdi32full.dll
0x00007ffa40130000 - 0x00007ffa401d3000 	C:\WINDOWS\System32\msvcp_win.dll
0x00007ffa2e730000 - 0x00007ffa2e73b000 	C:\WINDOWS\SYSTEM32\VERSION.dll
0x00007ffa40c30000 - 0x00007ffa40c5f000 	C:\WINDOWS\System32\IMM32.DLL
0x00007ffa212c0000 - 0x00007ffa212cc000 	C:\Program Files\Java\jdk-22\bin\vcruntime140_1.dll
0x00007ffa19110000 - 0x00007ffa1919e000 	C:\Program Files\Java\jdk-22\bin\msvcp140.dll
0x00007ff9be0f0000 - 0x00007ff9bee37000 	C:\Program Files\Java\jdk-22\bin\server\jvm.dll
0x00007ffa42270000 - 0x00007ffa422e4000 	C:\WINDOWS\System32\WS2_32.dll
0x00007ffa3f7f0000 - 0x00007ffa3f84e000 	C:\WINDOWS\SYSTEM32\POWRPROF.dll
0x00007ffa27ff0000 - 0x00007ffa28025000 	C:\WINDOWS\SYSTEM32\WINMM.dll
0x00007ffa3f7d0000 - 0x00007ffa3f7e4000 	C:\WINDOWS\SYSTEM32\UMPDC.dll
0x00007ffa3e6d0000 - 0x00007ffa3e6eb000 	C:\WINDOWS\SYSTEM32\kernel.appcore.dll
0x00007ffa20710000 - 0x00007ffa2071a000 	C:\Program Files\Java\jdk-22\bin\jimage.dll
0x00007ffa3d1e0000 - 0x00007ffa3d421000 	C:\WINDOWS\SYSTEM32\DBGHELP.DLL
0x00007ffa42310000 - 0x00007ffa42695000 	C:\WINDOWS\System32\combase.dll
0x00007ffa40c70000 - 0x00007ffa40d50000 	C:\WINDOWS\System32\OLEAUT32.dll
0x00007ffa26ec0000 - 0x00007ffa26f03000 	C:\WINDOWS\SYSTEM32\dbgcore.DLL
0x00007ffa3fdc0000 - 0x00007ffa3fe59000 	C:\WINDOWS\System32\bcryptPrimitives.dll
0x00007ffa205c0000 - 0x00007ffa205cf000 	C:\Program Files\Java\jdk-22\bin\instrument.dll
0x00007ffa1a8c0000 - 0x00007ffa1a8de000 	C:\Program Files\Java\jdk-22\bin\java.dll
0x00007ffa41960000 - 0x00007ffa420ad000 	C:\WINDOWS\System32\SHELL32.dll
0x00007ffa3ffb0000 - 0x00007ffa40123000 	C:\WINDOWS\System32\wintypes.dll
0x00007ffa41190000 - 0x00007ffa41330000 	C:\WINDOWS\System32\ole32.dll
0x00007ffa3d530000 - 0x00007ffa3dd90000 	C:\WINDOWS\SYSTEM32\windows.storage.dll
0x00007ffa41010000 - 0x00007ffa41105000 	C:\WINDOWS\System32\SHCORE.dll
0x00007ffa426a0000 - 0x00007ffa4270a000 	C:\WINDOWS\System32\shlwapi.dll
0x00007ffa3f8b0000 - 0x00007ffa3f8d9000 	C:\WINDOWS\SYSTEM32\profapi.dll
0x00007ffa16970000 - 0x00007ffa16a47000 	C:\Program Files\Java\jdk-22\bin\jsvml.dll
0x00007ffa1a120000 - 0x00007ffa1a137000 	C:\Program Files\Java\jdk-22\bin\zip.dll
0x00007ffa204a0000 - 0x00007ffa204b0000 	C:\Program Files\Java\jdk-22\bin\net.dll
0x00007ffa3ec40000 - 0x00007ffa3ecab000 	C:\WINDOWS\system32\mswsock.dll
0x00007ffa19fb0000 - 0x00007ffa19fc6000 	C:\Program Files\Java\jdk-22\bin\nio.dll
0x00007ffa20040000 - 0x00007ffa20050000 	C:\Program Files\Java\jdk-22\bin\verify.dll
0x00007ffa21520000 - 0x00007ffa21547000 	C:\Users\Trung\.gradle\native\660c5614fbf4a5f2a75b1949f50a0caf5cd603558e7d8a26e50b933a0cfb79d1\windows-amd64\native-platform.dll
0x00007ffa19a20000 - 0x00007ffa19a97000 	C:\Users\Trung\.gradle\native\0.2.8\x86_64-windows-gnu\gradle-fileevents.dll
0x00007ffa1a470000 - 0x00007ffa1a47a000 	C:\Program Files\Java\jdk-22\bin\management.dll
0x00007ffa19b20000 - 0x00007ffa19b2b000 	C:\Program Files\Java\jdk-22\bin\management_ext.dll
0x00007ffa42710000 - 0x00007ffa42718000 	C:\WINDOWS\System32\PSAPI.DLL
0x00007ffa3e080000 - 0x00007ffa3e0b3000 	C:\WINDOWS\SYSTEM32\IPHLPAPI.DLL
0x00007ffa41410000 - 0x00007ffa4141a000 	C:\WINDOWS\System32\NSI.dll
0x00007ffa19b10000 - 0x00007ffa19b19000 	C:\Program Files\Java\jdk-22\bin\extnet.dll
0x00007ffa3f020000 - 0x00007ffa3f03b000 	C:\WINDOWS\SYSTEM32\CRYPTSP.dll
0x00007ffa3e630000 - 0x00007ffa3e66b000 	C:\WINDOWS\system32\rsaenh.dll
0x00007ffa3ece0000 - 0x00007ffa3ed0b000 	C:\WINDOWS\SYSTEM32\USERENV.dll
0x00007ffa3f880000 - 0x00007ffa3f8a6000 	C:\WINDOWS\SYSTEM32\bcrypt.dll
0x00007ffa3ee80000 - 0x00007ffa3ee8c000 	C:\WINDOWS\SYSTEM32\CRYPTBASE.dll
0x00007ffa19b00000 - 0x00007ffa19b0e000 	C:\Program Files\Java\jdk-22\bin\sunmscapi.dll
0x00007ffa40470000 - 0x00007ffa405e7000 	C:\WINDOWS\System32\CRYPT32.dll
0x00007ffa3f180000 - 0x00007ffa3f1b0000 	C:\WINDOWS\SYSTEM32\ncrypt.dll
0x00007ffa3f130000 - 0x00007ffa3f16f000 	C:\WINDOWS\SYSTEM32\NTASN1.dll
0x00007ffa245a0000 - 0x00007ffa245a8000 	C:\WINDOWS\system32\wshunix.dll

dbghelp: loaded successfully - version: 4.0.5 - missing functions: none
symbol engine: initialized successfully - sym options: 0x614 - pdb path: .;C:\Program Files\Java\jdk-22\bin;C:\WINDOWS\SYSTEM32;C:\WINDOWS\WinSxS\amd64_microsoft.windows.common-controls_6595b64144ccf1df_6.0.26100.4768_none_3e0c112ce331287c;C:\Program Files\Java\jdk-22\bin\server;C:\Users\Trung\.gradle\native\660c5614fbf4a5f2a75b1949f50a0caf5cd603558e7d8a26e50b933a0cfb79d1\windows-amd64;C:\Users\Trung\.gradle\native\0.2.8\x86_64-windows-gnu

VM Arguments:
jvm_args: --add-opens=java.base/java.lang=ALL-UNNAMED --add-opens=java.base/java.lang.invoke=ALL-UNNAMED --add-opens=java.base/java.util=ALL-UNNAMED --add-opens=java.prefs/java.util.prefs=ALL-UNNAMED --add-exports=jdk.compiler/com.sun.tools.javac.api=ALL-UNNAMED --add-exports=jdk.compiler/com.sun.tools.javac.util=ALL-UNNAMED --add-opens=java.base/java.util=ALL-UNNAMED --add-opens=java.prefs/java.util.prefs=ALL-UNNAMED --add-opens=java.base/java.nio.charset=ALL-UNNAMED --add-opens=java.base/java.net=ALL-UNNAMED --add-opens=java.base/java.util.concurrent=ALL-UNNAMED --add-opens=java.base/java.util.concurrent.atomic=ALL-UNNAMED --add-opens=java.xml/javax.xml.namespace=ALL-UNNAMED --add-opens=java.base/java.time=ALL-UNNAMED -XX:MaxMetaspaceSize=384m -XX:+HeapDumpOnOutOfMemoryError -Xms256m -Xmx512m -Dfile.encoding=UTF-8 -Duser.country=US -Duser.language=en -Duser.variant -javaagent:C:\Users\Trung\.gradle\wrapper\dists\gradle-9.4.1-bin\arn2x92ynaizyzdaamcbpbhtj\gradle-9.4.1\lib\agents\gradle-instrumentation-agent-9.4.1.jar 
java_command: org.gradle.launcher.daemon.bootstrap.GradleDaemon 9.4.1
java_class_path (initial): C:\Users\Trung\.gradle\wrapper\dists\gradle-9.4.1-bin\arn2x92ynaizyzdaamcbpbhtj\gradle-9.4.1\lib\gradle-daemon-main-9.4.1.jar
Launcher Type: SUN_STANDARD

[Global flags]
     intx CICompilerCount                          = 4                                         {product} {ergonomic}
   size_t CompressedClassSpaceSize                 = 335544320                                 {product} {ergonomic}
     uint ConcGCThreads                            = 2                                         {product} {ergonomic}
     uint G1ConcRefinementThreads                  = 8                                         {product} {ergonomic}
   size_t G1HeapRegionSize                         = 1048576                                   {product} {ergonomic}
     bool HeapDumpOnOutOfMemoryError               = true                                   {manageable} {command line}
   size_t InitialHeapSize                          = 268435456                                 {product} {command line}
   size_t MarkStackSize                            = 4194304                                   {product} {ergonomic}
   size_t MaxHeapSize                              = 536870912                                 {product} {command line}
   size_t MaxMetaspaceSize                         = 402653184                                 {product} {command line}
   size_t MaxNewSize                               = 321912832                                 {product} {ergonomic}
   size_t MinHeapDeltaBytes                        = 1048576                                   {product} {ergonomic}
   size_t MinHeapSize                              = 268435456                                 {product} {command line}
    uintx NonNMethodCodeHeapSize                   = 5839372                                {pd product} {ergonomic}
    uintx NonProfiledCodeHeapSize                  = 122909434                              {pd product} {ergonomic}
    uintx ProfiledCodeHeapSize                     = 122909434                              {pd product} {ergonomic}
    uintx ReservedCodeCacheSize                    = 251658240                              {pd product} {ergonomic}
     bool SegmentedCodeCache                       = true                                      {product} {ergonomic}
   size_t SoftMaxHeapSize                          = 536870912                              {manageable} {ergonomic}
     bool UseCompressedOops                        = true                           {product lp64_product} {ergonomic}
     bool UseG1GC                                  = true                                      {product} {ergonomic}
     bool UseLargePagesIndividualAllocation        = false                                  {pd product} {ergonomic}

Logging:
Log output configuration:
 #0: stdout all=warning uptime,level,tags foldmultilines=false
 #1: stderr all=off uptime,level,tags foldmultilines=false

Environment Variables:
JAVA_HOME=C:\Program Files\Java\jdk-17
PATH=C:\Python312\Scripts\;C:\Python312\;C:\WINDOWS\system32;C:\WINDOWS;C:\WINDOWS\System32\Wbem;C:\WINDOWS\System32\WindowsPowerShell\v1.0\;C:\WINDOWS\System32\OpenSSH\;C:\Program Files\Java\jdk-17\bin;C:\Program Files\Common Files\Oracle\Java\javapath;C:\ProgramData\chocolatey\bin;C:\MinGW\bin;C:\xampp\php;C:\Program Files\apache-maven-3.9.9\bin;C:\Program Files\MySQL\MySQL Server 8.0\bin;C:\ProgramData\ComposerSetup\bin;D:\laragon\bin\php\php-8.3.16-Win32-vs16-x64;C:\Program Files\Git\cmd;C:\Users\Trung\AppData\Local\Android\Sdk\cmdline-tools\latest\cmdline-tools\latest\bin;C:\Users\Trung\AppData\Local\Android\Sdk\cmdline-tools\latest\platform-tools;C:\Users\Trung\.config\herd\bin\nvm;C:\Users\Trung\AppData\Local\Android\Sdk\platform-tools;C:\Users\Trung\AppData\Local\Android\Sdk\emulator;C:\Users\Trung\AppData\Local\Android\Sdk\cmdline-tools\latest\bin;C:\Program Files\ShellCheck;C:\Users\Trung\Downloads\dartsdk-windows-x64-release\dart-sdk;C:\Program Files\PostgreSQL\18\bin;C:\Program Files\dotnet\;C:\Program Files\Docker\Docker\resources\bin;C:\Program Files\nodejs\;D:\Trung\Code\Java\spring-boot-cli-3.3.6-bin\spring-3.3.6\bin;C:\Users\Trung\AppData\Local\Yarn\config\global\node_modules\.bin;C:\Users\Trung\AppData\Roaming\Composer\vendor\bin;D:\laragon\bin;D:\laragon\bin\apache\httpd-2.4.54-win64-VS16\bin;D:\laragon\bin\composer;D:\laragon\bin\git\bin;D:\laragon\bin\git\cmd;D:\laragon\bin\git\mingw64\bin;D:\laragon\bin\git\usr\bin;D:\laragon\bin\laragon\utils;D:\laragon\bin\mysql\mysql-8.0.30-winx64\bin;D:\laragon\bin\nginx\nginx-1.22.0;D:\laragon\bin\ngrok;D:\laragon\bin\nodejs\node-v18;D:\laragon\bin\notepad++;D:\laragon\bin\php\php-8.1.10-Win32-vs16-x64;D:\laragon\bin\python\python-3.10;D:\laragon\bin\python\python-3.10\Scripts;D:\laragon\bin\redis\redis-x64-5.0.14.1;D:\laragon\bin\telnet;D:\laragon\usr\bin;C:\Program Files\MySQL\MySQL Shell 8.0\bin\;C:\Users\Trung\AppData\Local\Microsoft\WindowsApps;C:\Users\Trung\AppData\Local\Programs\Microsoft VS Code\bin;C:\msys64\ucrt64\bin;C:\Users\Trung\AppData\Local\ComposerSetup\bin;C:\Program Files\MySQL\MySQL Server 8.0\bin;C:\Users\Trung\AppData\Local\Microsoft\WindowsApps;C:\Users\Trung\AppData\Local\FLutter\flutter\bin;C:\Users\Trung\AppData\Local\DartSDK\dart-sdk\bin;C:\Users\Trung\AppData\Local\Pub\Cache\bin;C:\Program Files\PostgreSQL\18\bin;C:\Users\Trung\AppData\Roaming\npm;
USERNAME=Trung
OS=Windows_NT
PROCESSOR_IDENTIFIER=Intel64 Family 6 Model 140 Stepping 1, GenuineIntel
TMP=C:\Users\Trung\AppData\Local\Temp
TEMP=C:\Users\Trung\AppData\Local\Temp




Periodic native trim disabled

---------------  S Y S T E M  ---------------

OS:
 Windows 11 , 64 bit Build 26100 (10.0.26100.4768)
OS uptime: 0 days 0:23 hours
Hyper-V role detected

CPU: total 8 (initial active 8) (4 cores per cpu, 2 threads per core) family 6 model 140 stepping 1 microcode 0x8a, cx8, cmov, fxsr, ht, mmx, 3dnowpref, sse, sse2, sse3, ssse3, sse4.1, sse4.2, popcnt, lzcnt, tsc, tscinvbit, avx, avx2, aes, erms, clmul, bmi1, bmi2, adx, avx512f, avx512dq, avx512cd, avx512bw, avx512vl, sha, fma, vzeroupper, avx512_vpopcntdq, avx512_vpclmulqdq, avx512_vaes, avx512_vnni, clflush, clflushopt, clwb, avx512_vbmi2, avx512_vbmi, hv, rdtscp, rdpid, fsrm, gfni, avx512_bitalg, f16c, cet_ibt, cet_ss, avx512_ifma
Processor Information for processor 0
  Max Mhz: 2419, Current Mhz: 2419, Mhz Limit: 2419
Processor Information for processor 1
  Max Mhz: 2419, Current Mhz: 1007, Mhz Limit: 2419
Processor Information for processor 2
  Max Mhz: 2419, Current Mhz: 2419, Mhz Limit: 2419
Processor Information for processor 3
  Max Mhz: 2419, Current Mhz: 2419, Mhz Limit: 2419
Processor Information for processor 4
  Max Mhz: 2419, Current Mhz: 1007, Mhz Limit: 2419
Processor Information for processor 5
  Max Mhz: 2419, Current Mhz: 1007, Mhz Limit: 2419
Processor Information for processor 6
  Max Mhz: 2419, Current Mhz: 1007, Mhz Limit: 2419
Processor Information for processor 7
  Max Mhz: 2419, Current Mhz: 1007, Mhz Limit: 2419

Memory: 4k page, system-wide physical 20259M (2211M free)
TotalPageFile size 20259M (AvailPageFile size 16M)
current process WorkingSet (physical memory assigned to process): 468M, peak: 486M
current process commit charge ("private bytes"): 528M, peak: 545M

vm_info: Java HotSpot(TM) 64-Bit Server VM (22.0.1+8-16) for windows-amd64 JRE (22.0.1+8-16), built on 2024-03-12T10:33:16Z by "mach5one" with MS VC++ 17.6 (VS2022)

END.
